#
# There is insufficient memory for the Java Runtime Environment to continue.
# Native memory allocation (malloc) failed to allocate 1390144 bytes. Error detail: Chunk::new
# Possible reasons:
#   The system is out of physical RAM or swap space
#   This process is running with CompressedOops enabled, and the Java Heap may be blocking the growth of the native heap
# Possible solutions:
#   Reduce memory load on the system
#   Increase physical memory or swap space
#   Check if swap backing store is full
#   Decrease Java heap size (-Xmx/-Xms)
#   Decrease number of Java threads
#   Decrease Java thread stack sizes (-Xss)
#   Set larger code cache with -XX:ReservedCodeCacheSize=
#   JVM is running with Unscaled Compressed Oops mode in which the Java heap is
#     placed in the first 4GB address space. The Java Heap base address is the
#     maximum limit for the native heap growth. Please use -XX:HeapBaseMinAddress
#     to set the Java Heap base and to place the Java Heap above 4GB virtual address.
# This output file may be truncated or incomplete.
#
#  Out of Memory Error (arena.cpp:186), pid=27320, tid=25960
#
# JRE version: OpenJDK Runtime Environment (25.0.2+10) (build 25.0.2+10-69)
# Java VM: OpenJDK 64-Bit Server VM (25.0.2+10-69, mixed mode, sharing, tiered, compressed oops, compressed class ptrs, g1 gc, windows-amd64)
# No core dump will be written. Minidumps are not enabled by default on client versions of Windows
#

---------------  S U M M A R Y ------------

Command Line: io.qameta.allure.CommandLine serve C:\Users\User\IdeaProjects\landings-tests\target\allure-results

Host: 11th Gen Intel(R) Core(TM) i3-1115G4 @ 3.00GHz, 4 cores, 7G,  Windows 11 , 64 bit Build 26100 (10.0.26100.7623)
Time: Tue Feb 17 16:47:06 2026 Georgian Standard Time elapsed time: 2.470152 seconds (0d 0h 0m 2s)

---------------  T H R E A D  ---------------

Current thread (0x000001ff067f2680):  JavaThread "C2 CompilerThread1" daemon [_thread_in_native, id=25960, stack(0x0000006157700000,0x0000006157800000) (1024K)]


Current CompileTask:
C2:2470 3215       4       java.lang.invoke.MethodType::methodType (69 bytes)

Stack: [0x0000006157700000,0x0000006157800000]
Native frames: (J=compiled Java code, j=interpreted, Vv=VM code, C=native code)
V  [jvm.dll+0x7a70f9]  (no source info available)
V  [jvm.dll+0x772d6d]  (no source info available)
V  [jvm.dll+0x965d53]  (no source info available)
V  [jvm.dll+0x968351]  (no source info available)
V  [jvm.dll+0x968a63]  (no source info available)
V  [jvm.dll+0x2fc846]  (no source info available)
V  [jvm.dll+0x111b16]  (no source info available)
V  [jvm.dll+0x111e3e]  (no source info available)
V  [jvm.dll+0x4527a7]  (no source info available)
V  [jvm.dll+0x2547ba]  (no source info available)
V  [jvm.dll+0x2c0a0c]  (no source info available)
V  [jvm.dll+0x2bfb5f]  (no source info available)
V  [jvm.dll+0x2379a0]  (no source info available)
V  [jvm.dll+0x2cfc86]  (no source info available)
V  [jvm.dll+0x2cdf05]  (no source info available)
V  [jvm.dll+0x48e9d1]  (no source info available)
V  [jvm.dll+0x906fcd]  (no source info available)
V  [jvm.dll+0x7a56d5]  (no source info available)
C  [ucrtbase.dll+0x37b0]  (no source info available)
C  [KERNEL32.DLL+0x2e8d7]  (no source info available)
C  [ntdll.dll+0x8c53c]  (no source info available)

Lock stack of current Java thread (top to bottom):


---------------  P R O C E S S  ---------------

Threads class SMR info:
_java_thread_list=0x000001ff071ca950, length=15, elements={
0x000001ff62ef25f0, 0x000001ff7f37a0d0, 0x000001ff7f37ade0, 0x000001ff7f37e720,
0x000001ff7f37f760, 0x000001ff7f380ac0, 0x000001ff7f3817b0, 0x000001ff7f3946c0,
0x000001ff7f395a70, 0x000001ff7f78d4d0, 0x000001ff7f79e1e0, 0x000001ff067f2680,
0x000001ff06b3c520, 0x000001ff06bbc640, 0x000001ff06bbce00
}

Java Threads: ( => current thread )
  0x000001ff62ef25f0 JavaThread "main"                              [_thread_in_native, id=30920, stack(0x0000006156500000,0x0000006156600000) (1024K)]
  0x000001ff7f37a0d0 JavaThread "Reference Handler"          daemon [_thread_blocked, id=21024, stack(0x0000006156d00000,0x0000006156e00000) (1024K)]
  0x000001ff7f37ade0 JavaThread "Finalizer"                  daemon [_thread_blocked, id=23268, stack(0x0000006156e00000,0x0000006156f00000) (1024K)]
  0x000001ff7f37e720 JavaThread "Signal Dispatcher"          daemon [_thread_blocked, id=22564, stack(0x0000006156f00000,0x0000006157000000) (1024K)]
  0x000001ff7f37f760 JavaThread "Attach Listener"            daemon [_thread_blocked, id=9040, stack(0x0000006157000000,0x0000006157100000) (1024K)]
  0x000001ff7f380ac0 JavaThread "Service Thread"             daemon [_thread_blocked, id=13460, stack(0x0000006157100000,0x0000006157200000) (1024K)]
  0x000001ff7f3817b0 JavaThread "Monitor Deflation Thread"   daemon [_thread_blocked, id=25552, stack(0x0000006157200000,0x0000006157300000) (1024K)]
  0x000001ff7f3946c0 JavaThread "C2 CompilerThread0"         daemon [_thread_in_native, id=12168, stack(0x0000006157300000,0x0000006157400000) (1024K)]
  0x000001ff7f395a70 JavaThread "C1 CompilerThread0"         daemon [_thread_blocked, id=30652, stack(0x0000006157400000,0x0000006157500000) (1024K)]
  0x000001ff7f78d4d0 JavaThread "Notification Thread"        daemon [_thread_blocked, id=19100, stack(0x0000006157500000,0x0000006157600000) (1024K)]
  0x000001ff7f79e1e0 JavaThread "Common-Cleaner"             daemon [_thread_blocked, id=25152, stack(0x0000006157600000,0x0000006157700000) (1024K)]
=>0x000001ff067f2680 JavaThread "C2 CompilerThread1"         daemon [_thread_in_native, id=25960, stack(0x0000006157700000,0x0000006157800000) (1024K)]
  0x000001ff06b3c520 JavaThread "ForkJoinPool.commonPool-worker-1" daemon [_thread_blocked, id=22456, stack(0x0000006157b00000,0x0000006157c00000) (1024K)]
  0x000001ff06bbc640 JavaThread "ForkJoinPool.commonPool-worker-2" daemon [_thread_blocked, id=29680, stack(0x0000006157c00000,0x0000006157d00000) (1024K)]
  0x000001ff06bbce00 JavaThread "ForkJoinPool.commonPool-worker-3" daemon [_thread_blocked, id=25996, stack(0x0000006157d00000,0x0000006157e00000) (1024K)]
Total: 15

Other Threads:
  0x000001ff7f36a6a0 VMThread "VM Thread"                           [id=22604, stack(0x0000006156c00000,0x0000006156d00000) (1024K)]
  0x000001ff7f356d80 WatcherThread "VM Periodic Task Thread"        [id=27804, stack(0x0000006156b00000,0x0000006156c00000) (1024K)]
  0x000001ff65298990 WorkerThread "GC Thread#0"                     [id=684, stack(0x0000006156600000,0x0000006156700000) (1024K)]
  0x000001ff06a2caf0 WorkerThread "GC Thread#1"                     [id=30956, stack(0x0000006157800000,0x0000006157900000) (1024K)]
  0x000001ff06a2cf20 WorkerThread "GC Thread#2"                     [id=14116, stack(0x0000006157900000,0x0000006157a00000) (1024K)]
  0x000001ff0699a110 WorkerThread "GC Thread#3"                     [id=28604, stack(0x0000006157a00000,0x0000006157b00000) (1024K)]
  0x000001ff652efb80 ConcurrentGCThread "G1 Main Marker"            [id=25784, stack(0x0000006156700000,0x0000006156800000) (1024K)]
  0x000001ff652f0ec0 WorkerThread "G1 Conc#0"                       [id=29804, stack(0x0000006156800000,0x0000006156900000) (1024K)]
  0x000001ff7f21b450 ConcurrentGCThread "G1 Refine#0"               [id=19672, stack(0x0000006156900000,0x0000006156a00000) (1024K)]
  0x000001ff7f21c060 ConcurrentGCThread "G1 Service"                [id=17544, stack(0x0000006156a00000,0x0000006156b00000) (1024K)]
Total: 10

Threads with active compile tasks:
C2 CompilerThread0  2521 3216       4       java.lang.invoke.MethodType::makeImpl (109 bytes)
C2 CompilerThread1  2521 3215       4       java.lang.invoke.MethodType::methodType (69 bytes)
Total: 2

VM state: not at safepoint (normal execution)

VM Mutex/Monitor currently owned by a thread: None

Heap address: 0x0000000083200000, size: 1998 MB, Compressed Oops mode: 32-bit

CDS archive(s) mapped at: [0x0000000025000000-0x0000000025dd0000-0x0000000025dd0000), size 14483456, SharedBaseAddress: 0x0000000025000000, ArchiveRelocationMode: 1.
Compressed class space mapped at: 0x0000000026000000-0x0000000066000000, reserved size: 1073741824
UseCompressedClassPointers 1, UseCompactObjectHeaders 0
Narrow klass pointer bits 32, Max shift 3
Narrow klass base: 0x0000000025000000, Narrow klass shift: 0
Encoding Range: [0x0000000025000000 - 0x0000000125000000), (4294967296 bytes)
Klass Range:    [0x0000000025010000 - 0x0000000066000000), (1090453504 bytes)
Klass ID Range:  [65536 - 1090519033) (1090453497)
Protection zone: [0x0000000025000000 - 0x0000000025010000), (65536 bytes)

GC Precious Log:
 CardTable entry size: 512
 Card Set container configuration: InlinePtr #cards 5 size 8 Array Of Cards #cards 10 size 36 Howl #buckets 4 coarsen threshold 1843 Howl Bitmap #cards 512 size 80 coarsen threshold 460 Card regions per heap region 1 cards per card region 2048
 CPUs: 4 total, 4 available
 Memory: 7991M
 Large Page Support: Disabled
 NUMA Support: Disabled
 Compressed Oops: Enabled (32-bit)
 Heap Region Size: 1M
 Heap Min Capacity: 8M
 Heap Initial Capacity: 126M
 Heap Max Capacity: 1998M
 Pre-touch: Disabled
 Parallel Workers: 4
 Concurrent Workers: 1
 Concurrent Refinement Workers: 4
 Periodic GC: Disabled

Heap:
 garbage-first heap   total reserved 2045952K, committed 131072K, used 53491K [0x0000000083200000, 0x0000000100000000)
  region size 1024K, 53 young (54272K), 4 survivors (4096K)

Heap Regions: E=young(eden), S=young(survivor), O=old, HS=humongous(starts), HC=humongous(continues), CS=collection set, F=free, TAMS=top-at-mark-start, PB=parsable bottom
|   0|0x0000000083200000, 0x0000000083217fe8, 0x0000000083300000|  9%| O|  |TAMS 0x0000000083200000| PB 0x0000000083200000| Untracked |  0
|   1|0x0000000083300000, 0x0000000083300000, 0x0000000083400000|  0%| F|  |TAMS 0x0000000083300000| PB 0x0000000083300000| Untracked |  0
|   2|0x0000000083400000, 0x0000000083400000, 0x0000000083500000|  0%| F|  |TAMS 0x0000000083400000| PB 0x0000000083400000| Untracked |  0
|   3|0x0000000083500000, 0x0000000083500000, 0x0000000083600000|  0%| F|  |TAMS 0x0000000083500000| PB 0x0000000083500000| Untracked |  0
|   4|0x0000000083600000, 0x0000000083600000, 0x0000000083700000|  0%| F|  |TAMS 0x0000000083600000| PB 0x0000000083600000| Untracked |  0
|   5|0x0000000083700000, 0x0000000083700000, 0x0000000083800000|  0%| F|  |TAMS 0x0000000083700000| PB 0x0000000083700000| Untracked |  0
|   6|0x0000000083800000, 0x0000000083800000, 0x0000000083900000|  0%| F|  |TAMS 0x0000000083800000| PB 0x0000000083800000| Untracked |  0
|   7|0x0000000083900000, 0x0000000083900000, 0x0000000083a00000|  0%| F|  |TAMS 0x0000000083900000| PB 0x0000000083900000| Untracked |  0
|   8|0x0000000083a00000, 0x0000000083a00000, 0x0000000083b00000|  0%| F|  |TAMS 0x0000000083a00000| PB 0x0000000083a00000| Untracked |  0
|   9|0x0000000083b00000, 0x0000000083b00000, 0x0000000083c00000|  0%| F|  |TAMS 0x0000000083b00000| PB 0x0000000083b00000| Untracked |  0
|  10|0x0000000083c00000, 0x0000000083c00000, 0x0000000083d00000|  0%| F|  |TAMS 0x0000000083c00000| PB 0x0000000083c00000| Untracked |  0
|  11|0x0000000083d00000, 0x0000000083d00000, 0x0000000083e00000|  0%| F|  |TAMS 0x0000000083d00000| PB 0x0000000083d00000| Untracked |  0
|  12|0x0000000083e00000, 0x0000000083e00000, 0x0000000083f00000|  0%| F|  |TAMS 0x0000000083e00000| PB 0x0000000083e00000| Untracked |  0
|  13|0x0000000083f00000, 0x0000000083f00000, 0x0000000084000000|  0%| F|  |TAMS 0x0000000083f00000| PB 0x0000000083f00000| Untracked |  0
|  14|0x0000000084000000, 0x0000000084000000, 0x0000000084100000|  0%| F|  |TAMS 0x0000000084000000| PB 0x0000000084000000| Untracked |  0
|  15|0x0000000084100000, 0x0000000084100000, 0x0000000084200000|  0%| F|  |TAMS 0x0000000084100000| PB 0x0000000084100000| Untracked |  0
|  16|0x0000000084200000, 0x0000000084200000, 0x0000000084300000|  0%| F|  |TAMS 0x0000000084200000| PB 0x0000000084200000| Untracked |  0
|  17|0x0000000084300000, 0x0000000084300000, 0x0000000084400000|  0%| F|  |TAMS 0x0000000084300000| PB 0x0000000084300000| Untracked |  0
|  18|0x0000000084400000, 0x0000000084400000, 0x0000000084500000|  0%| F|  |TAMS 0x0000000084400000| PB 0x0000000084400000| Untracked |  0
|  19|0x0000000084500000, 0x0000000084500000, 0x0000000084600000|  0%| F|  |TAMS 0x0000000084500000| PB 0x0000000084500000| Untracked |  0
|  20|0x0000000084600000, 0x0000000084600000, 0x0000000084700000|  0%| F|  |TAMS 0x0000000084600000| PB 0x0000000084600000| Untracked |  0
|  21|0x0000000084700000, 0x0000000084700000, 0x0000000084800000|  0%| F|  |TAMS 0x0000000084700000| PB 0x0000000084700000| Untracked |  0
|  22|0x0000000084800000, 0x0000000084800000, 0x0000000084900000|  0%| F|  |TAMS 0x0000000084800000| PB 0x0000000084800000| Untracked |  0
|  23|0x0000000084900000, 0x0000000084900000, 0x0000000084a00000|  0%| F|  |TAMS 0x0000000084900000| PB 0x0000000084900000| Untracked |  0
|  24|0x0000000084a00000, 0x0000000084a00000, 0x0000000084b00000|  0%| F|  |TAMS 0x0000000084a00000| PB 0x0000000084a00000| Untracked |  0
|  25|0x0000000084b00000, 0x0000000084b00000, 0x0000000084c00000|  0%| F|  |TAMS 0x0000000084b00000| PB 0x0000000084b00000| Untracked |  0
|  26|0x0000000084c00000, 0x0000000084c00000, 0x0000000084d00000|  0%| F|  |TAMS 0x0000000084c00000| PB 0x0000000084c00000| Untracked |  0
|  27|0x0000000084d00000, 0x0000000084d00000, 0x0000000084e00000|  0%| F|  |TAMS 0x0000000084d00000| PB 0x0000000084d00000| Untracked |  0
|  28|0x0000000084e00000, 0x0000000084e00000, 0x0000000084f00000|  0%| F|  |TAMS 0x0000000084e00000| PB 0x0000000084e00000| Untracked |  0
|  29|0x0000000084f00000, 0x0000000084f00000, 0x0000000085000000|  0%| F|  |TAMS 0x0000000084f00000| PB 0x0000000084f00000| Untracked |  0
|  30|0x0000000085000000, 0x0000000085000000, 0x0000000085100000|  0%| F|  |TAMS 0x0000000085000000| PB 0x0000000085000000| Untracked |  0
|  31|0x0000000085100000, 0x0000000085100000, 0x0000000085200000|  0%| F|  |TAMS 0x0000000085100000| PB 0x0000000085100000| Untracked |  0
|  32|0x0000000085200000, 0x0000000085200000, 0x0000000085300000|  0%| F|  |TAMS 0x0000000085200000| PB 0x0000000085200000| Untracked |  0
|  33|0x0000000085300000, 0x0000000085300000, 0x0000000085400000|  0%| F|  |TAMS 0x0000000085300000| PB 0x0000000085300000| Untracked |  0
|  34|0x0000000085400000, 0x0000000085400000, 0x0000000085500000|  0%| F|  |TAMS 0x0000000085400000| PB 0x0000000085400000| Untracked |  0
|  35|0x0000000085500000, 0x0000000085500000, 0x0000000085600000|  0%| F|  |TAMS 0x0000000085500000| PB 0x0000000085500000| Untracked |  0
|  36|0x0000000085600000, 0x0000000085600000, 0x0000000085700000|  0%| F|  |TAMS 0x0000000085600000| PB 0x0000000085600000| Untracked |  0
|  37|0x0000000085700000, 0x0000000085700000, 0x0000000085800000|  0%| F|  |TAMS 0x0000000085700000| PB 0x0000000085700000| Untracked |  0
|  38|0x0000000085800000, 0x0000000085800000, 0x0000000085900000|  0%| F|  |TAMS 0x0000000085800000| PB 0x0000000085800000| Untracked |  0
|  39|0x0000000085900000, 0x0000000085900000, 0x0000000085a00000|  0%| F|  |TAMS 0x0000000085900000| PB 0x0000000085900000| Untracked |  0
|  40|0x0000000085a00000, 0x0000000085a00000, 0x0000000085b00000|  0%| F|  |TAMS 0x0000000085a00000| PB 0x0000000085a00000| Untracked |  0
|  41|0x0000000085b00000, 0x0000000085b00000, 0x0000000085c00000|  0%| F|  |TAMS 0x0000000085b00000| PB 0x0000000085b00000| Untracked |  0
|  42|0x0000000085c00000, 0x0000000085c00000, 0x0000000085d00000|  0%| F|  |TAMS 0x0000000085c00000| PB 0x0000000085c00000| Untracked |  0
|  43|0x0000000085d00000, 0x0000000085d00000, 0x0000000085e00000|  0%| F|  |TAMS 0x0000000085d00000| PB 0x0000000085d00000| Untracked |  0
|  44|0x0000000085e00000, 0x0000000085e00000, 0x0000000085f00000|  0%| F|  |TAMS 0x0000000085e00000| PB 0x0000000085e00000| Untracked |  0
|  45|0x0000000085f00000, 0x0000000085f00000, 0x0000000086000000|  0%| F|  |TAMS 0x0000000085f00000| PB 0x0000000085f00000| Untracked |  0
|  46|0x0000000086000000, 0x0000000086000000, 0x0000000086100000|  0%| F|  |TAMS 0x0000000086000000| PB 0x0000000086000000| Untracked |  0
|  47|0x0000000086100000, 0x0000000086100000, 0x0000000086200000|  0%| F|  |TAMS 0x0000000086100000| PB 0x0000000086100000| Untracked |  0
|  48|0x0000000086200000, 0x0000000086200000, 0x0000000086300000|  0%| F|  |TAMS 0x0000000086200000| PB 0x0000000086200000| Untracked |  0
|  49|0x0000000086300000, 0x0000000086300000, 0x0000000086400000|  0%| F|  |TAMS 0x0000000086300000| PB 0x0000000086300000| Untracked |  0
|  50|0x0000000086400000, 0x0000000086400000, 0x0000000086500000|  0%| F|  |TAMS 0x0000000086400000| PB 0x0000000086400000| Untracked |  0
|  51|0x0000000086500000, 0x0000000086500000, 0x0000000086600000|  0%| F|  |TAMS 0x0000000086500000| PB 0x0000000086500000| Untracked |  0
|  52|0x0000000086600000, 0x0000000086600000, 0x0000000086700000|  0%| F|  |TAMS 0x0000000086600000| PB 0x0000000086600000| Untracked |  0
|  53|0x0000000086700000, 0x0000000086700000, 0x0000000086800000|  0%| F|  |TAMS 0x0000000086700000| PB 0x0000000086700000| Untracked |  0
|  54|0x0000000086800000, 0x0000000086800000, 0x0000000086900000|  0%| F|  |TAMS 0x0000000086800000| PB 0x0000000086800000| Untracked |  0
|  55|0x0000000086900000, 0x0000000086900000, 0x0000000086a00000|  0%| F|  |TAMS 0x0000000086900000| PB 0x0000000086900000| Untracked |  0
|  56|0x0000000086a00000, 0x0000000086a00000, 0x0000000086b00000|  0%| F|  |TAMS 0x0000000086a00000| PB 0x0000000086a00000| Untracked |  0
|  57|0x0000000086b00000, 0x0000000086b00000, 0x0000000086c00000|  0%| F|  |TAMS 0x0000000086b00000| PB 0x0000000086b00000| Untracked |  0
|  58|0x0000000086c00000, 0x0000000086c00000, 0x0000000086d00000|  0%| F|  |TAMS 0x0000000086c00000| PB 0x0000000086c00000| Untracked |  0
|  59|0x0000000086d00000, 0x0000000086d00000, 0x0000000086e00000|  0%| F|  |TAMS 0x0000000086d00000| PB 0x0000000086d00000| Untracked |  0
|  60|0x0000000086e00000, 0x0000000086e00000, 0x0000000086f00000|  0%| F|  |TAMS 0x0000000086e00000| PB 0x0000000086e00000| Untracked |  0
|  61|0x0000000086f00000, 0x0000000086f00000, 0x0000000087000000|  0%| F|  |TAMS 0x0000000086f00000| PB 0x0000000086f00000| Untracked |  0
|  62|0x0000000087000000, 0x0000000087000000, 0x0000000087100000|  0%| F|  |TAMS 0x0000000087000000| PB 0x0000000087000000| Untracked |  0
|  63|0x0000000087100000, 0x0000000087100000, 0x0000000087200000|  0%| F|  |TAMS 0x0000000087100000| PB 0x0000000087100000| Untracked |  0
|  64|0x0000000087200000, 0x0000000087200000, 0x0000000087300000|  0%| F|  |TAMS 0x0000000087200000| PB 0x0000000087200000| Untracked |  0
|  65|0x0000000087300000, 0x0000000087300000, 0x0000000087400000|  0%| F|  |TAMS 0x0000000087300000| PB 0x0000000087300000| Untracked |  0
|  66|0x0000000087400000, 0x0000000087400000, 0x0000000087500000|  0%| F|  |TAMS 0x0000000087400000| PB 0x0000000087400000| Untracked |  0
|  67|0x0000000087500000, 0x0000000087500000, 0x0000000087600000|  0%| F|  |TAMS 0x0000000087500000| PB 0x0000000087500000| Untracked |  0
|  68|0x0000000087600000, 0x0000000087600000, 0x0000000087700000|  0%| F|  |TAMS 0x0000000087600000| PB 0x0000000087600000| Untracked |  0
|  69|0x0000000087700000, 0x0000000087700000, 0x0000000087800000|  0%| F|  |TAMS 0x0000000087700000| PB 0x0000000087700000| Untracked |  0
|  70|0x0000000087800000, 0x0000000087800000, 0x0000000087900000|  0%| F|  |TAMS 0x0000000087800000| PB 0x0000000087800000| Untracked |  0
|  71|0x0000000087900000, 0x0000000087900000, 0x0000000087a00000|  0%| F|  |TAMS 0x0000000087900000| PB 0x0000000087900000| Untracked |  0
|  72|0x0000000087a00000, 0x0000000087a00000, 0x0000000087b00000|  0%| F|  |TAMS 0x0000000087a00000| PB 0x0000000087a00000| Untracked |  0
|  73|0x0000000087b00000, 0x0000000087b712c0, 0x0000000087c00000| 44%| E|  |TAMS 0x0000000087b00000| PB 0x0000000087b00000| Complete |  0
|  74|0x0000000087c00000, 0x0000000087d00000, 0x0000000087d00000|100%| E|CS|TAMS 0x0000000087c00000| PB 0x0000000087c00000| Complete |  0
|  75|0x0000000087d00000, 0x0000000087e00000, 0x0000000087e00000|100%| E|CS|TAMS 0x0000000087d00000| PB 0x0000000087d00000| Complete |  0
|  76|0x0000000087e00000, 0x0000000087f00000, 0x0000000087f00000|100%| E|CS|TAMS 0x0000000087e00000| PB 0x0000000087e00000| Complete |  0
|  77|0x0000000087f00000, 0x0000000088000000, 0x0000000088000000|100%| E|CS|TAMS 0x0000000087f00000| PB 0x0000000087f00000| Complete |  0
|  78|0x0000000088000000, 0x0000000088100000, 0x0000000088100000|100%| E|CS|TAMS 0x0000000088000000| PB 0x0000000088000000| Complete |  0
|  79|0x0000000088100000, 0x0000000088200000, 0x0000000088200000|100%| E|CS|TAMS 0x0000000088100000| PB 0x0000000088100000| Complete |  0
|  80|0x0000000088200000, 0x0000000088300000, 0x0000000088300000|100%| E|CS|TAMS 0x0000000088200000| PB 0x0000000088200000| Complete |  0
|  81|0x0000000088300000, 0x0000000088400000, 0x0000000088400000|100%| E|CS|TAMS 0x0000000088300000| PB 0x0000000088300000| Complete |  0
|  82|0x0000000088400000, 0x0000000088500000, 0x0000000088500000|100%| E|CS|TAMS 0x0000000088400000| PB 0x0000000088400000| Complete |  0
|  83|0x0000000088500000, 0x0000000088600000, 0x0000000088600000|100%| E|CS|TAMS 0x0000000088500000| PB 0x0000000088500000| Complete |  0
|  84|0x0000000088600000, 0x0000000088700000, 0x0000000088700000|100%| E|CS|TAMS 0x0000000088600000| PB 0x0000000088600000| Complete |  0
|  85|0x0000000088700000, 0x0000000088800000, 0x0000000088800000|100%| E|CS|TAMS 0x0000000088700000| PB 0x0000000088700000| Complete |  0
|  86|0x0000000088800000, 0x0000000088900000, 0x0000000088900000|100%| E|CS|TAMS 0x0000000088800000| PB 0x0000000088800000| Complete |  0
|  87|0x0000000088900000, 0x0000000088a00000, 0x0000000088a00000|100%| E|CS|TAMS 0x0000000088900000| PB 0x0000000088900000| Complete |  0
|  88|0x0000000088a00000, 0x0000000088b00000, 0x0000000088b00000|100%| E|CS|TAMS 0x0000000088a00000| PB 0x0000000088a00000| Complete |  0
|  89|0x0000000088b00000, 0x0000000088c00000, 0x0000000088c00000|100%| E|CS|TAMS 0x0000000088b00000| PB 0x0000000088b00000| Complete |  0
|  90|0x0000000088c00000, 0x0000000088d00000, 0x0000000088d00000|100%| E|  |TAMS 0x0000000088c00000| PB 0x0000000088c00000| Complete |  0
|  91|0x0000000088d00000, 0x0000000088e00000, 0x0000000088e00000|100%| E|CS|TAMS 0x0000000088d00000| PB 0x0000000088d00000| Complete |  0
|  92|0x0000000088e00000, 0x0000000088f00000, 0x0000000088f00000|100%| E|CS|TAMS 0x0000000088e00000| PB 0x0000000088e00000| Complete |  0
|  93|0x0000000088f00000, 0x0000000089000000, 0x0000000089000000|100%| E|CS|TAMS 0x0000000088f00000| PB 0x0000000088f00000| Complete |  0
|  94|0x0000000089000000, 0x0000000089100000, 0x0000000089100000|100%| S|CS|TAMS 0x0000000089000000| PB 0x0000000089000000| Complete |  0
|  95|0x0000000089100000, 0x0000000089200000, 0x0000000089200000|100%| S|CS|TAMS 0x0000000089100000| PB 0x0000000089100000| Complete |  0
|  96|0x0000000089200000, 0x0000000089300000, 0x0000000089300000|100%| S|CS|TAMS 0x0000000089200000| PB 0x0000000089200000| Complete |  0
|  97|0x0000000089300000, 0x0000000089400000, 0x0000000089400000|100%| S|CS|TAMS 0x0000000089300000| PB 0x0000000089300000| Complete |  0
|  98|0x0000000089400000, 0x0000000089500000, 0x0000000089500000|100%| E|CS|TAMS 0x0000000089400000| PB 0x0000000089400000| Complete |  0
|  99|0x0000000089500000, 0x0000000089600000, 0x0000000089600000|100%| E|CS|TAMS 0x0000000089500000| PB 0x0000000089500000| Complete |  0
| 100|0x0000000089600000, 0x0000000089700000, 0x0000000089700000|100%| E|CS|TAMS 0x0000000089600000| PB 0x0000000089600000| Complete |  0
| 101|0x0000000089700000, 0x0000000089800000, 0x0000000089800000|100%| E|CS|TAMS 0x0000000089700000| PB 0x0000000089700000| Complete |  0
| 102|0x0000000089800000, 0x0000000089900000, 0x0000000089900000|100%| E|CS|TAMS 0x0000000089800000| PB 0x0000000089800000| Complete |  0
| 103|0x0000000089900000, 0x0000000089a00000, 0x0000000089a00000|100%| E|CS|TAMS 0x0000000089900000| PB 0x0000000089900000| Complete |  0
| 104|0x0000000089a00000, 0x0000000089b00000, 0x0000000089b00000|100%| E|CS|TAMS 0x0000000089a00000| PB 0x0000000089a00000| Complete |  0
| 105|0x0000000089b00000, 0x0000000089c00000, 0x0000000089c00000|100%| E|CS|TAMS 0x0000000089b00000| PB 0x0000000089b00000| Complete |  0
| 106|0x0000000089c00000, 0x0000000089d00000, 0x0000000089d00000|100%| E|CS|TAMS 0x0000000089c00000| PB 0x0000000089c00000| Complete |  0
| 107|0x0000000089d00000, 0x0000000089e00000, 0x0000000089e00000|100%| E|CS|TAMS 0x0000000089d00000| PB 0x0000000089d00000| Complete |  0
| 108|0x0000000089e00000, 0x0000000089f00000, 0x0000000089f00000|100%| E|CS|TAMS 0x0000000089e00000| PB 0x0000000089e00000| Complete |  0
| 109|0x0000000089f00000, 0x000000008a000000, 0x000000008a000000|100%| E|CS|TAMS 0x0000000089f00000| PB 0x0000000089f00000| Complete |  0
| 110|0x000000008a000000, 0x000000008a100000, 0x000000008a100000|100%| E|CS|TAMS 0x000000008a000000| PB 0x000000008a000000| Complete |  0
| 111|0x000000008a100000, 0x000000008a200000, 0x000000008a200000|100%| E|CS|TAMS 0x000000008a100000| PB 0x000000008a100000| Complete |  0
| 112|0x000000008a200000, 0x000000008a300000, 0x000000008a300000|100%| E|CS|TAMS 0x000000008a200000| PB 0x000000008a200000| Complete |  0
| 113|0x000000008a300000, 0x000000008a400000, 0x000000008a400000|100%| E|CS|TAMS 0x000000008a300000| PB 0x000000008a300000| Complete |  0
| 114|0x000000008a400000, 0x000000008a500000, 0x000000008a500000|100%| E|CS|TAMS 0x000000008a400000| PB 0x000000008a400000| Complete |  0
| 115|0x000000008a500000, 0x000000008a600000, 0x000000008a600000|100%| E|CS|TAMS 0x000000008a500000| PB 0x000000008a500000| Complete |  0
| 116|0x000000008a600000, 0x000000008a700000, 0x000000008a700000|100%| E|CS|TAMS 0x000000008a600000| PB 0x000000008a600000| Complete |  0
| 117|0x000000008a700000, 0x000000008a800000, 0x000000008a800000|100%| E|CS|TAMS 0x000000008a700000| PB 0x000000008a700000| Complete |  0
| 118|0x000000008a800000, 0x000000008a900000, 0x000000008a900000|100%| E|CS|TAMS 0x000000008a800000| PB 0x000000008a800000| Complete |  0
| 119|0x000000008a900000, 0x000000008aa00000, 0x000000008aa00000|100%| E|CS|TAMS 0x000000008a900000| PB 0x000000008a900000| Complete |  0
| 120|0x000000008aa00000, 0x000000008ab00000, 0x000000008ab00000|100%| E|CS|TAMS 0x000000008aa00000| PB 0x000000008aa00000| Complete |  0
| 121|0x000000008ab00000, 0x000000008ac00000, 0x000000008ac00000|100%| E|CS|TAMS 0x000000008ab00000| PB 0x000000008ab00000| Complete |  0
| 122|0x000000008ac00000, 0x000000008ad00000, 0x000000008ad00000|100%| E|CS|TAMS 0x000000008ac00000| PB 0x000000008ac00000| Complete |  0
| 123|0x000000008ad00000, 0x000000008ae00000, 0x000000008ae00000|100%| E|CS|TAMS 0x000000008ad00000| PB 0x000000008ad00000| Complete |  0
| 124|0x000000008ae00000, 0x000000008af00000, 0x000000008af00000|100%| E|CS|TAMS 0x000000008ae00000| PB 0x000000008ae00000| Complete |  0
| 125|0x000000008af00000, 0x000000008b000000, 0x000000008b000000|100%| E|CS|TAMS 0x000000008af00000| PB 0x000000008af00000| Complete |  0
|1996|0x00000000ffe00000, 0x00000000fff00000, 0x00000000fff00000|100%| O|  |TAMS 0x00000000ffe00000| PB 0x00000000ffe00000| Untracked |  0
|1997|0x00000000fff00000, 0x00000000fff24ea8, 0x0000000100000000| 14%| O|  |TAMS 0x00000000fff00000| PB 0x00000000fff00000| Untracked |  0

Card table byte_map: [0x000001ff7cec0000,0x000001ff7d2b0000] _byte_map_base: 0x000001ff7caa7000

Marking Bits: (CMBitMap*) 0x000001ff65299130
 Bits: [0x000001ff7d2b0000, 0x000001ff7f1e8000)

Polling page: 0x000001ff630c0000

Metaspace:
Metaspace        used 18917K, committed 19136K, reserved 1114112K
 class space     used 2256K, committed 2368K, reserved 1048576K

Usage:
  Non-class:     16.27 MB used.
      Class:      2.20 MB used.
       Both:     18.48 MB used.

Virtual space:
  Non-class space:       64.00 MB reserved,      16.38 MB ( 26%) committed,  1 nodes.
      Class space:        1.00 GB reserved,       2.31 MB ( <1%) committed,  1 nodes.
             Both:        1.06 GB reserved,      18.69 MB (  2%) committed. 

Chunk freelists:
   Non-Class:  15.31 MB
       Class:  13.53 MB
        Both:  28.84 MB

MaxMetaspaceSize: unlimited
CompressedClassSpaceSize: 1.00 GB
Initial GC threshold: 21.00 MB
Current GC threshold: 21.00 MB
CDS: on
 - commit_granule_bytes: 65536.
 - commit_granule_words: 8192.
 - virtual_space_node_default_size: 8388608.
 - enlarge_chunks_in_place: 1.
UseCompressedClassPointers 1, UseCompactObjectHeaders 0
Narrow klass pointer bits 32, Max shift 3
Narrow klass base: 0x0000000025000000, Narrow klass shift: 0
Encoding Range: [0x0000000025000000 - 0x0000000125000000), (4294967296 bytes)
Klass Range:    [0x0000000025010000 - 0x0000000066000000), (1090453504 bytes)
Klass ID Range:  [65536 - 1090519033) (1090453497)
Protection zone: [0x0000000025000000 - 0x0000000025010000), (65536 bytes)


Internal statistics:

num_allocs_failed_limit: 0.
num_arena_births: 216.
num_arena_deaths: 0.
num_vsnodes_births: 2.
num_vsnodes_deaths: 0.
num_space_committed: 299.
num_space_uncommitted: 0.
num_chunks_returned_to_freelist: 0.
num_chunks_taken_from_freelist: 780.
num_chunk_merges: 0.
num_chunk_splits: 546.
num_chunks_enlarged: 446.
num_inconsistent_stats: 0.

CodeHeap 'non-profiled nmethods': size=120064Kb used=974Kb max_used=974Kb free=119089Kb
 bounds [0x000001ff75590000, 0x000001ff75800000, 0x000001ff7cad0000]
CodeHeap 'profiled nmethods': size=120000Kb used=5248Kb max_used=5248Kb free=114751Kb
 bounds [0x000001ff6dad0000, 0x000001ff6e000000, 0x000001ff75000000]
CodeHeap 'non-nmethods': size=5696Kb used=1572Kb max_used=1622Kb free=4123Kb
 bounds [0x000001ff75000000, 0x000001ff75270000, 0x000001ff75590000]
CodeCache: size=245760Kb, used=7794Kb, max_used=7844Kb, free=237963Kb
 total_blobs=3851, nmethods=3287, adapters=466, full_count=0
Compilation: enabled, stopped_count=0, restarted_count=0

Compilation events (20 events):
Event: 2.181 Thread 0x000001ff7f395a70 3253       3       com.fasterxml.jackson.core.json.UTF8JsonGenerator::writeStartObject (85 bytes)
Event: 2.181 Thread 0x000001ff7f395a70 nmethod 3253 0x000001ff6dfdef08 code [0x000001ff6dfdf000, 0x000001ff6dfdf650]
Event: 2.181 Thread 0x000001ff7f395a70 3254       3       com.fasterxml.jackson.core.json.UTF8JsonGenerator::writeEndObject (111 bytes)
Event: 2.183 Thread 0x000001ff7f395a70 nmethod 3254 0x000001ff6dfdf688 code [0x000001ff6dfdf780, 0x000001ff6dfe06b0]
Event: 2.183 Thread 0x000001ff7f395a70 3255       3       java.lang.Long::sum (4 bytes)
Event: 2.183 Thread 0x000001ff7f395a70 nmethod 3255 0x000001ff6dfe0708 code [0x000001ff6dfe0800, 0x000001ff6dfe08f0]
Event: 2.187 Thread 0x000001ff7f395a70 3256   !   3       com.fasterxml.jackson.databind.ser.std.BeanSerializerBase::serializeFields (179 bytes)
Event: 2.188 Thread 0x000001ff7f395a70 nmethod 3256 0x000001ff6dfe0a08 code [0x000001ff6dfe0b00, 0x000001ff6dfe1718]
Event: 2.193 Thread 0x000001ff7f395a70 3257       3       com.fasterxml.jackson.databind.ser.impl.IndexedListSerializer::serialize (68 bytes)
Event: 2.193 Thread 0x000001ff7f395a70 nmethod 3257 0x000001ff6dfe1788 code [0x000001ff6dfe1880, 0x000001ff6dfe2028]
Event: 2.193 Thread 0x000001ff7f395a70 3258       3       com.fasterxml.jackson.core.json.UTF8JsonGenerator::_writeStringSegment2 (200 bytes)
Event: 2.194 Thread 0x000001ff7f395a70 nmethod 3258 0x000001ff6dfe2088 code [0x000001ff6dfe2180, 0x000001ff6dfe2e38]
Event: 2.194 Thread 0x000001ff7f395a70 3259       3       com.fasterxml.jackson.core.io.NumberOutput::_outputUptoBillion (167 bytes)
Event: 2.194 Thread 0x000001ff7f395a70 nmethod 3259 0x000001ff6dfe2e88 code [0x000001ff6dfe2f80, 0x000001ff6dfe33b8]
Event: 2.195 Thread 0x000001ff7f395a70 3260       3       com.fasterxml.jackson.core.io.NumberOutput::_outputFullBillion (155 bytes)
Event: 2.195 Thread 0x000001ff7f395a70 nmethod 3260 0x000001ff6dfe3408 code [0x000001ff6dfe3500, 0x000001ff6dfe3838]
Event: 2.196 Thread 0x000001ff7f395a70 3261       3       jdk.internal.classfile.impl.AnnotationReader::writeAnnotation (80 bytes)
Event: 2.197 Thread 0x000001ff7f395a70 nmethod 3261 0x000001ff6dfe3888 code [0x000001ff6dfe3980, 0x000001ff6dfe5788]
Event: 2.198 Thread 0x000001ff7f395a70 3262       3       jdk.internal.classfile.impl.StackMapGenerator$Frame::setLocal (76 bytes)
Event: 2.198 Thread 0x000001ff7f395a70 nmethod 3262 0x000001ff6dfe5808 code [0x000001ff6dfe5900, 0x000001ff6dfe5d58]

GC Heap Usage History (2 events):
Event: 0.882 {heap Before GC invocations=0 (full 0):
 garbage-first heap   total reserved 2045952K, committed 131072K, used 29843K [0x0000000083200000, 0x0000000100000000)
  region size 1024K, 28 young (28672K), 0 survivors (0K)
}
Event: 0.887 {heap After GC invocations=1 (full 0):
 garbage-first heap   total reserved 2045952K, committed 131072K, used 5363K [0x0000000083200000, 0x0000000100000000)
  region size 1024K, 4 young (4096K), 4 survivors (4096K)
}

Metaspace Usage History (2 events):
Event: 0.882 {metaspace Before GC invocations=0 (full 0):
 Metaspace       used 9465K, committed 9600K, reserved 1114112K
  class space    used 1152K, committed 1216K, reserved 1048576K
}
Event: 0.887 {metaspace After GC invocations=1 (full 0):
 Metaspace       used 9465K, committed 9600K, reserved 1114112K
  class space    used 1152K, committed 1216K, reserved 1048576K
}

Dll operation events (6 events):
Event: 0.009 Loaded shared library C:\Users\User\.jdks\openjdk-25.0.2\bin\java.dll
Event: 0.114 Loaded shared library C:\Users\User\.jdks\openjdk-25.0.2\bin\net.dll
Event: 0.115 Loaded shared library C:\Users\User\.jdks\openjdk-25.0.2\bin\nio.dll
Event: 0.119 Loaded shared library C:\Users\User\.jdks\openjdk-25.0.2\bin\zip.dll
Event: 0.237 Loaded shared library C:\Users\User\.jdks\openjdk-25.0.2\bin\jimage.dll
Event: 1.943 Loaded shared library C:\Users\User\.jdks\openjdk-25.0.2\bin\verify.dll

Deoptimization events (20 events):
Event: 2.034 Thread 0x000001ff62ef25f0 Uncommon trap: trap_request=0xffffffc6 fr.pc=0x000001ff75612e8c relative=0x000000000000068c
Event: 2.034 Thread 0x000001ff62ef25f0 Uncommon trap: reason=bimorphic_or_optimized_type_check action=maybe_recompile pc=0x000001ff75612e8c method=java.util.HashMap.putVal(ILjava/lang/Object;Ljava/lang/Object;ZZ)Ljava/lang/Object; @ 91 c2
Event: 2.034 Thread 0x000001ff62ef25f0 DEOPT PACKING pc=0x000001ff75612e8c sp=0x00000061565fe4b0
Event: 2.034 Thread 0x000001ff62ef25f0 DEOPT UNPACKING pc=0x000001ff7509a602 sp=0x00000061565fe3b8 mode 2
Event: 2.048 Thread 0x000001ff62ef25f0 Uncommon trap: trap_request=0xffffffd6 fr.pc=0x000001ff756708dc relative=0x00000000000001dc
Event: 2.048 Thread 0x000001ff62ef25f0 Uncommon trap: reason=array_check action=maybe_recompile pc=0x000001ff756708dc method=java.util.Arrays.fill([Ljava/lang/Object;Ljava/lang/Object;)V @ 13 c2
Event: 2.048 Thread 0x000001ff62ef25f0 DEOPT PACKING pc=0x000001ff756708dc sp=0x00000061565fd590
Event: 2.048 Thread 0x000001ff62ef25f0 DEOPT UNPACKING pc=0x000001ff7509a602 sp=0x00000061565fd520 mode 2
Event: 2.048 Thread 0x000001ff62ef25f0 Uncommon trap: trap_request=0xffffffd6 fr.pc=0x000001ff756708dc relative=0x00000000000001dc
Event: 2.048 Thread 0x000001ff62ef25f0 Uncommon trap: reason=array_check action=maybe_recompile pc=0x000001ff756708dc method=java.util.Arrays.fill([Ljava/lang/Object;Ljava/lang/Object;)V @ 13 c2
Event: 2.048 Thread 0x000001ff62ef25f0 DEOPT PACKING pc=0x000001ff756708dc sp=0x00000061565fd1f0
Event: 2.048 Thread 0x000001ff62ef25f0 DEOPT UNPACKING pc=0x000001ff7509a602 sp=0x00000061565fd180 mode 2
Event: 2.048 Thread 0x000001ff62ef25f0 Uncommon trap: trap_request=0xffffffd6 fr.pc=0x000001ff756708dc relative=0x00000000000001dc
Event: 2.048 Thread 0x000001ff62ef25f0 Uncommon trap: reason=array_check action=maybe_recompile pc=0x000001ff756708dc method=java.util.Arrays.fill([Ljava/lang/Object;Ljava/lang/Object;)V @ 13 c2
Event: 2.048 Thread 0x000001ff62ef25f0 DEOPT PACKING pc=0x000001ff756708dc sp=0x00000061565fd1f0
Event: 2.048 Thread 0x000001ff62ef25f0 DEOPT UNPACKING pc=0x000001ff7509a602 sp=0x00000061565fd180 mode 2
Event: 2.053 Thread 0x000001ff62ef25f0 Uncommon trap: trap_request=0xffffffd6 fr.pc=0x000001ff756708dc relative=0x00000000000001dc
Event: 2.053 Thread 0x000001ff62ef25f0 Uncommon trap: reason=array_check action=maybe_recompile pc=0x000001ff756708dc method=java.util.Arrays.fill([Ljava/lang/Object;Ljava/lang/Object;)V @ 13 c2
Event: 2.053 Thread 0x000001ff62ef25f0 DEOPT PACKING pc=0x000001ff756708dc sp=0x00000061565fd6f0
Event: 2.053 Thread 0x000001ff62ef25f0 DEOPT UNPACKING pc=0x000001ff7509a602 sp=0x00000061565fd680 mode 2

Classes loaded (20 events):
Event: 2.107 Loading class java/util/stream/WhileOps
Event: 2.107 Loading class java/util/stream/WhileOps done
Event: 2.107 Loading class java/util/stream/WhileOps$1Op
Event: 2.107 Loading class java/util/stream/WhileOps$DropWhileOp
Event: 2.107 Loading class java/util/stream/WhileOps$DropWhileOp done
Event: 2.107 Loading class java/util/stream/WhileOps$1Op done
Event: 2.107 Loading class java/util/stream/WhileOps$1Op$1OpSink
Event: 2.107 Loading class java/util/stream/WhileOps$DropWhileSink
Event: 2.107 Loading class java/util/stream/WhileOps$DropWhileSink done
Event: 2.107 Loading class java/util/stream/WhileOps$1Op$1OpSink done
Event: 2.107 Loading class java/util/ReverseOrderListView$DescendingIterator
Event: 2.107 Loading class java/util/ReverseOrderListView$DescendingIterator done
Event: 2.107 Loading class java/util/Collections$UnmodifiableList$1
Event: 2.107 Loading class java/util/Collections$UnmodifiableList$1 done
Event: 2.111 Loading class java/util/Formatter$FormatSpecifierParser
Event: 2.111 Loading class java/util/Formatter$FormatSpecifierParser done
Event: 2.112 Loading class java/text/MessageFormat
Event: 2.112 Loading class java/text/MessageFormat done
Event: 2.112 Loading class java/text/MessageFormat$Field
Event: 2.112 Loading class java/text/MessageFormat$Field done

Classes unloaded (0 events):
No events

Classes redefined (0 events):
No events

Internal exceptions (20 events):
Event: 2.100 Thread 0x000001ff62ef25f0 Exception <a 'java/lang/NoSuchMethodError'{0x00000000880cab30}: 'java.lang.Object java.lang.invoke.DirectMethodHandle$Holder.newInvokeSpecial(java.lang.Object, java.lang.Object, java.lang.Object, int)'> (0x00000000880cab30) 
thrown [s\open\src\hotspot\share\interpreter\linkResolver.cpp, line 804]
Event: 2.101 Thread 0x000001ff62ef25f0 Exception <a 'java/lang/NoSuchMethodError'{0x00000000880d3588}: 'java.lang.Object java.lang.invoke.Invokers$Holder.linkToTargetMethod(java.lang.Object, java.lang.Object, int, java.lang.Object)'> (0x00000000880d3588) 
thrown [s\open\src\hotspot\share\interpreter\linkResolver.cpp, line 804]
Event: 2.108 Thread 0x000001ff62ef25f0 Exception <a 'java/lang/NoSuchMethodError'{0x00000000880f4688}: 'long java.lang.invoke.DirectMethodHandle$Holder.invokeSpecial(java.lang.Object, java.lang.Object)'> (0x00000000880f4688) 
thrown [s\open\src\hotspot\share\interpreter\linkResolver.cpp, line 804]
Event: 2.121 Thread 0x000001ff62ef25f0 Exception <a 'sun/nio/fs/WindowsException'{0x0000000087f1a988}> (0x0000000087f1a988) 
thrown [s\open\src\hotspot\share\prims\jni.cpp, line 516]
Event: 2.124 Thread 0x000001ff62ef25f0 Exception <a 'sun/nio/fs/WindowsException'{0x0000000087f3f5f0}> (0x0000000087f3f5f0) 
thrown [s\open\src\hotspot\share\prims\jni.cpp, line 516]
Event: 2.134 Thread 0x000001ff62ef25f0 Exception <a 'java/lang/NoSuchMethodError'{0x0000000087d08bf0}: 'int java.lang.invoke.DirectMethodHandle$Holder.invokeInterface(java.lang.Object, java.lang.Object)'> (0x0000000087d08bf0) 
thrown [s\open\src\hotspot\share\interpreter\linkResolver.cpp, line 804]
Event: 2.135 Thread 0x000001ff62ef25f0 Exception <a 'java/lang/IncompatibleClassChangeError'{0x0000000087d10b58}: Found class java.lang.Object, but interface was expected> (0x0000000087d10b58) 
thrown [s\open\src\hotspot\share\interpreter\linkResolver.cpp, line 871]
Event: 2.135 Thread 0x000001ff62ef25f0 Exception <a 'java/lang/IncompatibleClassChangeError'{0x0000000087d11630}: Found class java.lang.Object, but interface was expected> (0x0000000087d11630) 
thrown [s\open\src\hotspot\share\interpreter\linkResolver.cpp, line 871]
Event: 2.135 Thread 0x000001ff62ef25f0 Exception <a 'java/lang/NoSuchMethodError'{0x0000000087d12878}: 'long java.lang.invoke.DirectMethodHandle$Holder.invokeInterface(java.lang.Object, java.lang.Object)'> (0x0000000087d12878) 
thrown [s\open\src\hotspot\share\interpreter\linkResolver.cpp, line 804]
Event: 2.136 Thread 0x000001ff62ef25f0 Exception <a 'java/lang/IncompatibleClassChangeError'{0x0000000087d1a7e0}: Found class java.lang.Object, but interface was expected> (0x0000000087d1a7e0) 
thrown [s\open\src\hotspot\share\interpreter\linkResolver.cpp, line 871]
Event: 2.136 Thread 0x000001ff62ef25f0 Exception <a 'java/lang/IncompatibleClassChangeError'{0x0000000087d29b80}: Found class java.lang.Object, but interface was expected> (0x0000000087d29b80) 
thrown [s\open\src\hotspot\share\interpreter\linkResolver.cpp, line 871]
Event: 2.137 Thread 0x000001ff62ef25f0 Exception <a 'java/lang/IncompatibleClassChangeError'{0x0000000087d38ad8}: Found class java.lang.Object, but interface was expected> (0x0000000087d38ad8) 
thrown [s\open\src\hotspot\share\interpreter\linkResolver.cpp, line 871]
Event: 2.137 Thread 0x000001ff62ef25f0 Exception <a 'java/lang/IncompatibleClassChangeError'{0x0000000087d395b0}: Found class java.lang.Object, but interface was expected> (0x0000000087d395b0) 
thrown [s\open\src\hotspot\share\interpreter\linkResolver.cpp, line 871]
Event: 2.137 Thread 0x000001ff62ef25f0 Exception <a 'java/lang/IncompatibleClassChangeError'{0x0000000087d3a158}: Found class java.lang.Object, but interface was expected> (0x0000000087d3a158) 
thrown [s\open\src\hotspot\share\interpreter\linkResolver.cpp, line 871]
Event: 2.146 Thread 0x000001ff62ef25f0 Exception <a 'java/lang/IncompatibleClassChangeError'{0x0000000087d579e0}: Found class java.lang.Object, but interface was expected> (0x0000000087d579e0) 
thrown [s\open\src\hotspot\share\interpreter\linkResolver.cpp, line 871]
Event: 2.147 Thread 0x000001ff62ef25f0 Exception <a 'sun/nio/fs/WindowsException'{0x0000000087d58ba0}> (0x0000000087d58ba0) 
thrown [s\open\src\hotspot\share\prims\jni.cpp, line 516]
Event: 2.151 Thread 0x000001ff62ef25f0 Exception <a 'sun/nio/fs/WindowsException'{0x0000000087d67770}> (0x0000000087d67770) 
thrown [s\open\src\hotspot\share\prims\jni.cpp, line 516]
Event: 2.161 Thread 0x000001ff62ef25f0 Exception <a 'sun/nio/fs/WindowsException'{0x0000000087d847b8}> (0x0000000087d847b8) 
thrown [s\open\src\hotspot\share\prims\jni.cpp, line 516]
Event: 2.177 Thread 0x000001ff62ef25f0 Exception <a 'sun/nio/fs/WindowsException'{0x0000000087db1f90}> (0x0000000087db1f90) 
thrown [s\open\src\hotspot\share\prims\jni.cpp, line 516]
Event: 2.191 Thread 0x000001ff62ef25f0 Exception <a 'sun/nio/fs/WindowsException'{0x0000000087db66c0}> (0x0000000087db66c0) 
thrown [s\open\src\hotspot\share\prims\jni.cpp, line 516]

VM Operations (20 events):
Event: 0.682 Executing non-safepoint VM operation: HandshakeAllThreads (Deoptimize)
Event: 0.682 Executing non-safepoint VM operation: HandshakeAllThreads (Deoptimize) done
Event: 0.843 Executing non-safepoint VM operation: HandshakeAllThreads (Deoptimize)
Event: 0.843 Executing non-safepoint VM operation: HandshakeAllThreads (Deoptimize) done
Event: 0.882 Executing safepoint VM operation: G1CollectForAllocation (G1 Evacuation Pause)
Event: 0.887 Executing safepoint VM operation: G1CollectForAllocation (G1 Evacuation Pause) done
Event: 0.891 Executing non-safepoint VM operation: HandshakeAllThreads (Deoptimize)
Event: 0.891 Executing non-safepoint VM operation: HandshakeAllThreads (Deoptimize) done
Event: 1.735 Executing non-safepoint VM operation: HandshakeAllThreads (Deoptimize)
Event: 1.735 Executing non-safepoint VM operation: HandshakeAllThreads (Deoptimize) done
Event: 1.749 Executing non-safepoint VM operation: HandshakeAllThreads (Deoptimize)
Event: 1.749 Executing non-safepoint VM operation: HandshakeAllThreads (Deoptimize) done
Event: 1.779 Executing non-safepoint VM operation: HandshakeAllThreads (Deoptimize)
Event: 1.779 Executing non-safepoint VM operation: HandshakeAllThreads (Deoptimize) done
Event: 1.802 Executing non-safepoint VM operation: HandshakeAllThreads (Deoptimize)
Event: 1.802 Executing non-safepoint VM operation: HandshakeAllThreads (Deoptimize) done
Event: 1.826 Executing non-safepoint VM operation: HandshakeAllThreads (Deoptimize)
Event: 1.826 Executing non-safepoint VM operation: HandshakeAllThreads (Deoptimize) done
Event: 2.007 Executing non-safepoint VM operation: HandshakeAllThreads (Deoptimize)
Event: 2.007 Executing non-safepoint VM operation: HandshakeAllThreads (Deoptimize) done

Memory protections (0 events):
No events

Nmethod flushes (0 events):
No events

Events (20 events):
Event: 2.009 Thread 0x000001ff62ef25f0 Thread added: 0x000001ff06fe0f10
Event: 2.009 Thread 0x000001ff62ef25f0 Thread added: 0x000001ff06fe16d0
Event: 2.009 Thread 0x000001ff62ef25f0 Thread added: 0x000001ff06fe1e90
Event: 2.009 Thread 0x000001ff62ef25f0 Thread added: 0x000001ff06c25fa0
Event: 2.010 Thread 0x000001ff62ef25f0 Thread added: 0x000001ff06c230c0
Event: 2.010 Thread 0x000001ff06c25fa0 Thread exited: 0x000001ff06c25fa0
Event: 2.010 Thread 0x000001ff06fe16d0 Thread exited: 0x000001ff06fe16d0
Event: 2.010 Thread 0x000001ff06fe1e90 Thread exited: 0x000001ff06fe1e90
Event: 2.017 Thread 0x000001ff06fe0f10 Thread exited: 0x000001ff06fe0f10
Event: 2.018 Thread 0x000001ff06c230c0 Thread exited: 0x000001ff06c230c0
Event: 2.115 Thread 0x000001ff62ef25f0 Thread added: 0x000001ff06c25000
Event: 2.115 Thread 0x000001ff62ef25f0 Thread added: 0x000001ff06c25fa0
Event: 2.115 Thread 0x000001ff62ef25f0 Thread added: 0x000001ff06c228f0
Event: 2.115 Thread 0x000001ff62ef25f0 Thread added: 0x000001ff06c230c0
Event: 2.115 Thread 0x000001ff62ef25f0 Thread added: 0x000001ff06c26f40
Event: 2.119 Thread 0x000001ff06c230c0 Thread exited: 0x000001ff06c230c0
Event: 2.119 Thread 0x000001ff06c25000 Thread exited: 0x000001ff06c25000
Event: 2.119 Thread 0x000001ff06c25fa0 Thread exited: 0x000001ff06c25fa0
Event: 2.119 Thread 0x000001ff06c228f0 Thread exited: 0x000001ff06c228f0
Event: 2.120 Thread 0x000001ff06c26f40 Thread exited: 0x000001ff06c26f40


Dynamic libraries:
0x00007ff667960000 - 0x00007ff66796e000 	C:\Users\User\.jdks\openjdk-25.0.2\bin\java.exe
0x00007ff864180000 - 0x00007ff8643e7000 	C:\WINDOWS\SYSTEM32\ntdll.dll
0x00007ff862650000 - 0x00007ff862719000 	C:\WINDOWS\System32\KERNEL32.DLL
0x00007ff861670000 - 0x00007ff861a5f000 	C:\WINDOWS\System32\KERNELBASE.dll
0x00007ff861dd0000 - 0x00007ff861f1b000 	C:\WINDOWS\System32\ucrtbase.dll
0x00007ff852ca0000 - 0x00007ff852cb7000 	C:\Users\User\.jdks\openjdk-25.0.2\bin\jli.dll
0x00007ff851f00000 - 0x00007ff851f1e000 	C:\Users\User\.jdks\openjdk-25.0.2\bin\VCRUNTIME140.dll
0x00007ff863e40000 - 0x00007ff864005000 	C:\WINDOWS\System32\USER32.dll
0x00007ff861450000 - 0x00007ff861477000 	C:\WINDOWS\System32\win32u.dll
0x00007ff837bb0000 - 0x00007ff837e43000 	C:\WINDOWS\WinSxS\amd64_microsoft.windows.common-controls_6595b64144ccf1df_6.0.26100.7309_none_3e05feeae336a044\COMCTL32.dll
0x00007ff863930000 - 0x00007ff86395b000 	C:\WINDOWS\System32\GDI32.dll
0x00007ff8630f0000 - 0x00007ff863199000 	C:\WINDOWS\System32\msvcrt.dll
0x00007ff861540000 - 0x00007ff86166c000 	C:\WINDOWS\System32\gdi32full.dll
0x00007ff861b20000 - 0x00007ff861bc3000 	C:\WINDOWS\System32\msvcp_win.dll
0x00007ff863960000 - 0x00007ff863991000 	C:\WINDOWS\System32\IMM32.DLL
0x00007ff85d3b0000 - 0x00007ff85d3bc000 	C:\Users\User\.jdks\openjdk-25.0.2\bin\vcruntime140_1.dll
0x00007ff84ee20000 - 0x00007ff84eead000 	C:\Users\User\.jdks\openjdk-25.0.2\bin\msvcp140.dll
0x00007ff83a970000 - 0x00007ff83b7cf000 	C:\Users\User\.jdks\openjdk-25.0.2\bin\server\jvm.dll
0x00007ff864080000 - 0x00007ff864134000 	C:\WINDOWS\System32\ADVAPI32.dll
0x00007ff862ce0000 - 0x00007ff862d86000 	C:\WINDOWS\System32\sechost.dll
0x00007ff862d90000 - 0x00007ff862ea8000 	C:\WINDOWS\System32\RPCRT4.dll
0x00007ff8622b0000 - 0x00007ff862324000 	C:\WINDOWS\System32\WS2_32.dll
0x00007ff861150000 - 0x00007ff8611ae000 	C:\WINDOWS\SYSTEM32\POWRPROF.dll
0x00007ff8586f0000 - 0x00007ff858725000 	C:\WINDOWS\SYSTEM32\WINMM.dll
0x00007ff85b2f0000 - 0x00007ff85b2fb000 	C:\WINDOWS\SYSTEM32\VERSION.dll
0x00007ff861110000 - 0x00007ff861124000 	C:\WINDOWS\SYSTEM32\UMPDC.dll
0x00007ff860040000 - 0x00007ff86005b000 	C:\WINDOWS\SYSTEM32\kernel.appcore.dll
0x00007ff85b280000 - 0x00007ff85b28a000 	C:\Users\User\.jdks\openjdk-25.0.2\bin\jimage.dll
0x00007ff85ea90000 - 0x00007ff85ecd2000 	C:\WINDOWS\SYSTEM32\DBGHELP.DLL
0x00007ff862950000 - 0x00007ff862cd6000 	C:\WINDOWS\System32\combase.dll
0x00007ff862eb0000 - 0x00007ff862f86000 	C:\WINDOWS\System32\OLEAUT32.dll
0x00007ff84a910000 - 0x00007ff84a94c000 	C:\WINDOWS\SYSTEM32\dbgcore.DLL
0x00007ff861a70000 - 0x00007ff861b15000 	C:\WINDOWS\System32\bcryptPrimitives.dll
0x00007ff851ee0000 - 0x00007ff851eff000 	C:\Users\User\.jdks\openjdk-25.0.2\bin\java.dll
0x00007ff8624b0000 - 0x00007ff862647000 	C:\WINDOWS\System32\ole32.dll
0x00007ff8631d0000 - 0x00007ff863923000 	C:\WINDOWS\System32\SHELL32.dll
0x00007ff861c60000 - 0x00007ff861dca000 	C:\WINDOWS\System32\wintypes.dll
0x00007ff85ee90000 - 0x00007ff85f6ee000 	C:\WINDOWS\SYSTEM32\windows.storage.dll
0x00007ff862740000 - 0x00007ff862835000 	C:\WINDOWS\System32\SHCORE.dll
0x00007ff864010000 - 0x00007ff864076000 	C:\WINDOWS\System32\shlwapi.dll
0x00007ff8611f0000 - 0x00007ff861219000 	C:\WINDOWS\SYSTEM32\profapi.dll
0x00007ff851e60000 - 0x00007ff851e72000 	C:\Users\User\.jdks\openjdk-25.0.2\bin\net.dll
0x00007ff860590000 - 0x00007ff8605fb000 	C:\WINDOWS\system32\mswsock.dll
0x00007ff851440000 - 0x00007ff851456000 	C:\Users\User\.jdks\openjdk-25.0.2\bin\nio.dll
0x00007ff8504b0000 - 0x00007ff8504c7000 	C:\Users\User\.jdks\openjdk-25.0.2\bin\zip.dll
0x00007ff860980000 - 0x00007ff86099b000 	C:\WINDOWS\SYSTEM32\CRYPTSP.dll
0x00007ff85ffa0000 - 0x00007ff85ffda000 	C:\WINDOWS\system32\rsaenh.dll
0x00007ff860640000 - 0x00007ff86066b000 	C:\WINDOWS\SYSTEM32\USERENV.dll
0x00007ff8611c0000 - 0x00007ff8611ea000 	C:\WINDOWS\SYSTEM32\bcrypt.dll
0x00007ff8607e0000 - 0x00007ff8607ec000 	C:\WINDOWS\SYSTEM32\CRYPTBASE.dll
0x00007ff85fae0000 - 0x00007ff85fb14000 	C:\WINDOWS\SYSTEM32\IPHLPAPI.DLL
0x00007ff862330000 - 0x00007ff86233a000 	C:\WINDOWS\System32\NSI.dll
0x00007ff84f6e0000 - 0x00007ff84f6f0000 	C:\Users\User\.jdks\openjdk-25.0.2\bin\verify.dll
0x00007ff860160000 - 0x00007ff860196000 	C:\WINDOWS\SYSTEM32\ntmarta.dll

JVMTI agents: none

dbghelp: loaded successfully - version: 4.0.5 - missing functions: none
symbol engine: initialized successfully - sym options: 0x614 - pdb path: .;C:\Users\User\.jdks\openjdk-25.0.2\bin;C:\WINDOWS\SYSTEM32;C:\WINDOWS\WinSxS\amd64_microsoft.windows.common-controls_6595b64144ccf1df_6.0.26100.7309_none_3e05feeae336a044;C:\Users\User\.jdks\openjdk-25.0.2\bin\server

VM Arguments:
java_command: io.qameta.allure.CommandLine serve C:\Users\User\IdeaProjects\landings-tests\target\allure-results
java_class_path (initial): C:\Users\User\IdeaProjects\landings-tests\.allure\allure-2.25.0\lib\allure-commandline-2.25.0.jar;C:\Users\User\IdeaProjects\landings-tests\.allure\allure-2.25.0\lib\allure-generator-2.25.0.jar;C:\Users\User\IdeaProjects\landings-tests\.allure\allure-2.25.0\lib\allure-model-2.24.0.jar;C:\Users\User\IdeaProjects\landings-tests\.allure\allure-2.25.0\lib\allure-plugin-api-2.25.0.jar;C:\Users\User\IdeaProjects\landings-tests\.allure\allure-2.25.0\lib\allure1-model-1.0.jar;C:\Users\User\IdeaProjects\landings-tests\.allure\allure-2.25.0\lib\annotations-15.0.jar;C:\Users\User\IdeaProjects\landings-tests\.allure\allure-2.25.0\lib\commons-beanutils-1.9.4.jar;C:\Users\User\IdeaProjects\landings-tests\.allure\allure-2.25.0\lib\commons-codec-1.11.jar;C:\Users\User\IdeaProjects\landings-tests\.allure\allure-2.25.0\lib\commons-collections-3.2.2.jar;C:\Users\User\IdeaProjects\landings-tests\.allure\allure-2.25.0\lib\commons-collections4-4.2.jar;C:\Users\User\IdeaProjects\landings-tests\.allure\allure-2.25.0\lib\commons-io-2.15.1.jar;C:\Users\User\IdeaProjects\landings-tests\.allure\allure-2.25.0\lib\commons-lang3-3.13.0.jar;C:\Users\User\IdeaProjects\landings-tests\.allure\allure-2.25.0\lib\commons-logging-1.2.jar;C:\Users\User\IdeaProjects\landings-tests\.allure\allure-2.25.0\lib\commons-text-1.3.jar;C:\Users\User\IdeaProjects\landings-tests\.allure\allure-2.25.0\lib\flexmark-0.62.2.jar;C:\Users\User\IdeaProjects\landings-tests\.allure\allure-2.25.0\lib\flexmark-ext-tables-0.62.2.jar;C:\Users\User\IdeaProjects\landings-tests\.allure\allure-2.25.0\lib\flexmark-util-0.62.2.jar;C:\Users\User\IdeaProjects\landings-tests\.allure\allure-2.25.0\lib\flexmark-util-ast-0.62.2.jar;C:\Users\User\IdeaProjects\landings-tests\.allure\allure-2.25.0\lib\flexmark-util-builder-0.62.2.jar;C:\Users\User\IdeaProjects\landings-tests\.allure\allure-2.25.0\lib\flexmark-util-collection-0.62.2.jar;C:\Users\User\IdeaProjects\landings-tests\.allure\allure-2.25.0\lib\flexmark-util-data-0.62.2.jar;C:\Users\User\IdeaProjects\landings-tests\.allure\allure-2.25.0\lib\flexmark-util-dependency-0.62.2.jar;C:\Users\User\IdeaProjects\landings-tests\.allure\allure-2.25.0\lib\flexmark-util-format-0.62.2.jar;C:\Users\User\IdeaProjects\landings-tests\.allure\allure-2.25.0\lib\flexmark-util-html-0.62.2.jar;C:\Users\User\IdeaProjects\landings-tests\.allure\allure-2.25.0\lib\flexmark-util-misc-0.62.2.jar;C:\Users\User\IdeaProjects\landings-tests\.allure\allure-2.25.0\lib\flexmark-util-options-0.62.2.jar;C:\Users\User\IdeaProjects\landings-tests\.allure\allure-2.25.0\lib\flexmark-util-sequence-0.62.2.jar;C:\Users\User\IdeaProjects\landings-tests\.allure\allure-2.25.0\lib\flexmark-util-visitor-0.62.2.jar;C:\Users\User\IdeaProjects\landings-tests\.allure\allure-2.25.0\lib\freemarker-2.3.32.jar;C:\Users\User\IdeaProjects\landings-tests\.allure\allure-2.25.0\lib\httpclient-4.5.14.jar;C:\Users\User\IdeaProjects\landings-tests\.allure\allure-2.25.0\lib\httpcore-4.4.16.jar;C:\Users\User\IdeaProjects\landings-tests\.allure\allure-2.25.0\lib\jackson-annotations-2.16.0.jar;C:\Users\User\IdeaProjects\landings-tests\.allure\allure-2.25.0\lib\jackson-core-2.16.0.jar;C:\Users\User\IdeaProjects\landings-tests\.allure\allure-2.25.0\lib\jackson-databind-2.16.0.jar;C:\Users\User\IdeaProjects\landings-tests\.allure\allure-2.25.0\lib\jackson-dataformat-xml-2.16.0.jar;C:\Users\User\IdeaProjects\landings-tests\.allure\allure-2.25.0\lib\jackson-dataformat-yaml-2.16.0.jar;C:\Users\User\IdeaProjects\landings-tests\.allure\allure-2.25.0\lib\jackson-module-jaxb-annotations-2.16.0.jar;C:\Users\User\IdeaProjects\landings-tests\.allure\allure-2.25.0\lib\jakarta.activation-api-1.2.2.jar;C:\Users\User\IdeaProjects\landings-tests\.allure\allure-2.25.0\lib\jakarta.xml.bind-api-2.3.3.jar;C:\Users\User\IdeaProjects\landings-tests\.allure\allure-2.25.0\lib\javax.activation-api-1.2.0.jar;C:\Users\User\IdeaProjects\landings-tests\.allure\allure-2.25.0\lib\javax.servlet-api-3.1.0.jar;C:\Users\User\IdeaProjects\landings-tests\.allure\allure-2.25.0\lib\jaxb-api-2.3.1.jar;C:\Users\User\IdeaProjects\landings-tests\.allure\allure-2.25.0\lib\jaxb-utils-1.0.jar;C:\Users\User\IdeaProjects\landings-tests\.allure\allure-2.25.0\lib\jcommander-1.82.jar;C:\Users\User\IdeaProjects\landings-tests\.allure\allure-2.25.0\lib\jetty-http-9.4.53.v20231009.jar;C:\Users\User\IdeaProjects\landings-tests\.allure\allure-2.25.0\lib\jetty-io-9.4.53.v20231009.jar;C:\Users\User\IdeaProjects\landings-tests\.allure\allure-2.25.0\lib\jetty-server-9.4.53.v20231009.jar;C:\Users\User\IdeaProjects\landings-tests\.allure\allure-2.25.0\lib\jetty-util-9.4.53.v20231009.jar;C:\Users\User\IdeaProjects\landings-tests\.allure\allure-2.25.0\lib\logback-classic-1.3.11.jar;C:\Users\User\IdeaProjects\landings-tests\.allure\allure-2.25.0\lib\logback-core-1.3.11.jar;C:\Users\User\IdeaProjects\landings-tests\.allure\allure-2.25.0\lib\opencsv-4.6.jar;C:\Users\User\IdeaProjects\landings-tests\.allure\allure-2.25.0\lib\properties-2.0.RC5.jar;C:\Users\User\IdeaProjects\landings-tests\.allure\allure-2.25.0\lib\slf4j-api-2.0.7.jar;C:\Users\User\IdeaProjects\landings-tests\.allure\allure-2.25.0\lib\snakeyaml-2.2.jar;C:\Users\User\IdeaProjects\landings-tests\.allure\allure-2.25.0\lib\stax2-api-4.2.1.jar;C:\Users\User\IdeaProjects\landings-tests\.allure\allure-2.25.0\lib\tika-core-2.9.1.jar;C:\Users\User\IdeaProjects\landings-tests\.allure\allure-2.25.0\lib\woodstox-core-6.5.1.jar;C:\Users\User\IdeaProjects\landings-tests\.allure\allure-2.25.0\lib\config
Launcher Type: SUN_STANDARD

[Global flags]
     intx CICompilerCount                          = 3                                         {product} {ergonomic}
     uint ConcGCThreads                            = 1                                         {product} {ergonomic}
     uint G1ConcRefinementThreads                  = 4                                         {product} {ergonomic}
   size_t G1HeapRegionSize                         = 1048576                                   {product} {ergonomic}
   size_t InitialHeapSize                          = 132120576                                 {product} {ergonomic}
   size_t MarkStackSize                            = 4194304                                   {product} {ergonomic}
   size_t MarkStackSizeMax                         = 536870912                                 {product} {ergonomic}
   size_t MaxHeapSize                              = 2095054848                                {product} {ergonomic}
   size_t MaxNewSize                               = 1256194048                                {product} {ergonomic}
   size_t MinHeapDeltaBytes                        = 1048576                                   {product} {ergonomic}
   size_t MinHeapSize                              = 8388608                                   {product} {ergonomic}
    uintx NonNMethodCodeHeapSize                   = 5832704                                {pd product} {ergonomic}
    uintx NonProfiledCodeHeapSize                  = 122945536                              {pd product} {ergonomic}
    uintx ProfiledCodeHeapSize                     = 122880000                              {pd product} {ergonomic}
    uintx ReservedCodeCacheSize                    = 251658240                              {pd product} {ergonomic}
     bool SegmentedCodeCache                       = true                                      {product} {ergonomic}
   size_t SoftMaxHeapSize                          = 2095054848                             {manageable} {ergonomic}
     bool UseCompressedOops                        = true                           {product lp64_product} {ergonomic}
     bool UseG1GC                                  = true                                      {product} {ergonomic}
     bool UseLargePagesIndividualAllocation        = false                                  {pd product} {ergonomic}

Logging:
Log output configuration:
 #0: stdout all=warning uptime,level,tags foldmultilines=false
 #1: stderr all=off uptime,level,tags foldmultilines=false

Release file:
IMPLEMENTOR="Oracle Corporation" 
JAVA_RUNTIME_VERSION="25.0.2+10-69" 
JAVA_VERSION="25.0.2" 
JAVA_VERSION_DATE="2026-01-20" 
LIBC="default" 
MODULES="java.base java.compiler java.datatransfer java.xml java.prefs java.desktop java.instrument java.logging java.management java.security.sasl java.naming java.rmi java.management.rmi java.net.http java.scripting java.security.jgss java.transaction.xa java.sql java.sql.rowset java.xml.crypto java.se java.smartcardio jdk.accessibility jdk.internal.jvmstat jdk.attach jdk.charsets jdk.internal.opt jdk.zipfs jdk.compiler jdk.crypto.cryptoki jdk.crypto.ec jdk.crypto.mscapi jdk.dynalink jdk.internal.ed jdk.editpad jdk.internal.vm.ci jdk.graal.compiler jdk.graal.compiler.management jdk.hotspot.agent jdk.httpserver jdk.incubator.vector jdk.internal.le jdk.internal.md jdk.jartool jdk.javadoc jdk.jcmd jdk.management jdk.management.agent jdk.jconsole jdk.jdeps jdk.jdwp.agent jdk.jdi jdk.jfr jdk.jlink jdk.jpackage jdk.jshell jdk.jsobject jdk.jstatd jdk.localedata jdk.management.jfr jdk.naming.dns jdk.naming.rmi jdk.net jdk.nio.mapmode jdk.sctp jdk.security.auth jdk.security.jgss jdk.unsupported jdk.unsupported.desktop jdk.xml.dom" 
OS_ARCH="x86_64" 
OS_NAME="Windows" 
SOURCE=".:git:405a5699ebd0" 

Environment Variables:
JAVA_HOME=C:\Users\User\.jdks\openjdk-25.0.2
CLASSPATH=C:\Users\User\IdeaProjects\landings-tests\.allure\allure-2.25.0\lib\*;C:\Users\User\IdeaProjects\landings-tests\.allure\allure-2.25.0\lib\config
PATH=C:\WINDOWS\system32;C:\WINDOWS;C:\WINDOWS\System32\Wbem;C:\WINDOWS\System32\WindowsPowerShell\v1.0\;C:\WINDOWS\System32\OpenSSH\;C:\Program Files\Git\cmd;C:\Users\User\AppData\Local\Microsoft\WindowsApps;C:\Users\User\Desktop\apache-maven-3.9.12\bin;
USERNAME=User
OS=Windows_NT
PROCESSOR_IDENTIFIER=Intel64 Family 6 Model 140 Stepping 1, GenuineIntel
TMP=C:\Users\User\AppData\Local\Temp
TEMP=C:\Users\User\AppData\Local\Temp




Compilation memory statistics disabled.

Periodic native trim disabled

---------------  S Y S T E M  ---------------

OS:
 Windows 11 , 64 bit Build 26100 (10.0.26100.7623)
OS uptime: 6 days 2:18 hours
Hyper-V role detected

CPU: total 4 (initial active 4) (2 cores per cpu, 2 threads per core) family 6 model 140 stepping 1 microcode 0x8a, cx8, cmov, fxsr, ht, mmx, 3dnowpref, sse, sse2, sse3, ssse3, sse4.1, sse4.2, popcnt, lzcnt, tsc, tscinvbit, avx, avx2, aes, erms, clmul, bmi1, bmi2, adx, avx512f, avx512dq, avx512cd, avx512bw, avx512vl, sha, fma, vzeroupper, avx512_vpopcntdq, avx512_vpclmulqdq, avx512_vaes, avx512_vnni, clflush, clflushopt, clwb, avx512_vbmi2, avx512_vbmi, hv, rdtscp, rdpid, fsrm, gfni, avx512_bitalg, f16c, cet_ibt, cet_ss, avx512_ifma
Processor Information for the first 4 processors :
  Max Mhz: 2995, Current Mhz: 2995, Mhz Limit: 2995

Memory: 4k page, system-wide physical 7991M (510M free)
TotalPageFile size 32567M (AvailPageFile size 8M)
current process WorkingSet (physical memory assigned to process): 167M, peak: 167M
current process commit charge ("private bytes"): 276M, peak: 277M

vm_info: OpenJDK 64-Bit Server VM (25.0.2+10-69) for windows-amd64 JRE (25.0.2+10-69), built on 2025-12-18T11:36:35Z with MS VC++ 17.13 (VS2022)

END.
