#
# There is insufficient memory for the Java Runtime Environment to continue.
# Native memory allocation (malloc) failed to allocate 1795480 bytes. Error detail: Chunk::new
# Possible reasons:
#   The system is out of physical RAM or swap space
#   This process is running with CompressedOops enabled, and the Java Heap may be blocking the growth of the native heap
# Possible solutions:
#   Reduce memory load on the system
#   Increase physical memory or swap space
#   Check if swap backing store is full
#   Decrease Java heap size (-Xmx/-Xms)
#   Decrease number of Java threads
#   Decrease Java thread stack sizes (-Xss)
#   Set larger code cache with -XX:ReservedCodeCacheSize=
#   JVM is running with Unscaled Compressed Oops mode in which the Java heap is
#     placed in the first 4GB address space. The Java Heap base address is the
#     maximum limit for the native heap growth. Please use -XX:HeapBaseMinAddress
#     to set the Java Heap base and to place the Java Heap above 4GB virtual address.
# This output file may be truncated or incomplete.
#
#  Out of Memory Error (arena.cpp:186), pid=24456, tid=16728
#
# JRE version: OpenJDK Runtime Environment (25.0.2+10) (build 25.0.2+10-69)
# Java VM: OpenJDK 64-Bit Server VM (25.0.2+10-69, mixed mode, sharing, tiered, compressed oops, compressed class ptrs, g1 gc, windows-amd64)
# No core dump will be written. Minidumps are not enabled by default on client versions of Windows
#

---------------  S U M M A R Y ------------

Command Line: -javaagent:C:\Users\User\AppData\Local\JetBrains\IdeaIC2025.2\captureAgent\debugger-agent.jar=file:///C:/Users/User/AppData/Local/Temp/capture9416344314358223158.props -ea -Dallure.results.directory=C:\Users\User\IdeaProjects\landings-tests\target/allure-results -Djunit.jupiter.extensions.autodetection.enabled=true -javaagent:C:\Users\User\.m2\repository/org/aspectj/aspectjweaver/1.9.21/aspectjweaver-1.9.21.jar -Didea.test.cyclic.buffer.size=1048576 -javaagent:C:\Program Files\JetBrains\IntelliJ IDEA Community Edition 2025.2.6.1\lib\idea_rt.jar=53658 -Dkotlinx.coroutines.debug.enable.creation.stack.trace=false -Ddebugger.agent.enable.coroutines=true -Dkotlinx.coroutines.debug.enable.flows.stack.trace=true -Dkotlinx.coroutines.debug.enable.mutable.state.flows.stack.trace=true -Dfile.encoding=UTF-8 -Dsun.stdout.encoding=UTF-8 -Dsun.stderr.encoding=UTF-8 com.intellij.rt.junit.JUnitStarter -ideVersion5 -junit5 @w@C:\Users\User\AppData\Local\Temp\idea_working_dirs_junit1.tmp @C:\Users\User\AppData\Local\Temp\idea_junit1.tmp -socket53657

Host: 11th Gen Intel(R) Core(TM) i3-1115G4 @ 3.00GHz, 4 cores, 7G,  Windows 11 , 64 bit Build 26100 (10.0.26100.7623)
Time: Tue Feb 17 17:15:37 2026 Georgian Standard Time elapsed time: 1.982723 seconds (0d 0h 0m 1s)

---------------  T H R E A D  ---------------

Current thread (0x0000020a7db01d70):  JavaThread "C2 CompilerThread0" daemon [_thread_in_native, id=16728, stack(0x0000007d5e000000,0x0000007d5e100000) (1024K)]


Current CompileTask:
C2:1982  948  s    4       java.io.BufferedInputStream::read (112 bytes)

Stack: [0x0000007d5e000000,0x0000007d5e100000]
Native frames: (J=compiled Java code, j=interpreted, Vv=VM code, C=native code)
V  [jvm.dll+0x7a70f9]  (no source info available)
V  [jvm.dll+0x772d6d]  (no source info available)
V  [jvm.dll+0x965d53]  (no source info available)
V  [jvm.dll+0x968351]  (no source info available)
V  [jvm.dll+0x968a63]  (no source info available)
V  [jvm.dll+0x2fc846]  (no source info available)
V  [jvm.dll+0x111b16]  (no source info available)
V  [jvm.dll+0x111e3e]  (no source info available)
V  [jvm.dll+0x1a0872]  (no source info available)
V  [jvm.dll+0x3b54c2]  (no source info available)
V  [jvm.dll+0x7aca8f]  (no source info available)
V  [jvm.dll+0x2c0b97]  (no source info available)
V  [jvm.dll+0x2bfb5f]  (no source info available)
V  [jvm.dll+0x2379a0]  (no source info available)
V  [jvm.dll+0x2cfc86]  (no source info available)
V  [jvm.dll+0x2cdf05]  (no source info available)
V  [jvm.dll+0x48e9d1]  (no source info available)
V  [jvm.dll+0x906fcd]  (no source info available)
V  [jvm.dll+0x7a56d5]  (no source info available)
C  [ucrtbase.dll+0x37b0]  (no source info available)
C  [KERNEL32.DLL+0x2e8d7]  (no source info available)
C  [ntdll.dll+0x8c53c]  (no source info available)

Lock stack of current Java thread (top to bottom):


---------------  P R O C E S S  ---------------

Threads class SMR info:
_java_thread_list=0x0000020a7ee9f610, length=14, elements={
0x0000020a615bd830, 0x0000020a7dae77e0, 0x0000020a7daeb4a0, 0x0000020a7daf00b0,
0x0000020a7daf0c70, 0x0000020a7daf70a0, 0x0000020a7dafd5a0, 0x0000020a7db01d70,
0x0000020a7db23140, 0x0000020a7dd28d90, 0x0000020a7dd9b180, 0x0000020a7e0e06e0,
0x0000020a7eeab690, 0x0000020a7ee95520
}

Java Threads: ( => current thread )
  0x0000020a615bd830 JavaThread "main"                              [_thread_in_vm, id=31184, stack(0x0000007d5d200000,0x0000007d5d300000) (1024K)]
  0x0000020a7dae77e0 JavaThread "Reference Handler"          daemon [_thread_blocked, id=27400, stack(0x0000007d5da00000,0x0000007d5db00000) (1024K)]
  0x0000020a7daeb4a0 JavaThread "Finalizer"                  daemon [_thread_blocked, id=28768, stack(0x0000007d5db00000,0x0000007d5dc00000) (1024K)]
  0x0000020a7daf00b0 JavaThread "Signal Dispatcher"          daemon [_thread_blocked, id=12276, stack(0x0000007d5dc00000,0x0000007d5dd00000) (1024K)]
  0x0000020a7daf0c70 JavaThread "Attach Listener"            daemon [_thread_blocked, id=23032, stack(0x0000007d5dd00000,0x0000007d5de00000) (1024K)]
  0x0000020a7daf70a0 JavaThread "Service Thread"             daemon [_thread_blocked, id=18108, stack(0x0000007d5de00000,0x0000007d5df00000) (1024K)]
  0x0000020a7dafd5a0 JavaThread "Monitor Deflation Thread"   daemon [_thread_blocked, id=2436, stack(0x0000007d5df00000,0x0000007d5e000000) (1024K)]
=>0x0000020a7db01d70 JavaThread "C2 CompilerThread0"         daemon [_thread_in_native, id=16728, stack(0x0000007d5e000000,0x0000007d5e100000) (1024K)]
  0x0000020a7db23140 JavaThread "C1 CompilerThread0"         daemon [_thread_blocked, id=28524, stack(0x0000007d5e100000,0x0000007d5e200000) (1024K)]
  0x0000020a7dd28d90 JavaThread "Common-Cleaner"             daemon [_thread_blocked, id=4768, stack(0x0000007d5e200000,0x0000007d5e300000) (1024K)]
  0x0000020a7dd9b180 JavaThread "IntelliJ Suspend Helper"    daemon [_thread_blocked, id=9972, stack(0x0000007d5e300000,0x0000007d5e400000) (1024K)]
  0x0000020a7e0e06e0 JavaThread "C2 CompilerThread1"         daemon [_thread_in_native, id=27448, stack(0x0000007d5e400000,0x0000007d5e500000) (1024K)]
  0x0000020a7eeab690 JavaThread "Monitor Ctrl-Break"         daemon [_thread_new, id=26988, stack(0x0000000000000000,0x0000000000000000) (0B)]
  0x0000020a7ee95520 JavaThread "Notification Thread"        daemon [_thread_new, id=28748, stack(0x0000000000000000,0x0000000000000000) (0B)]
Total: 14

Other Threads:
  0x0000020a7dad3710 VMThread "VM Thread"                           [id=27176, stack(0x0000007d5d900000,0x0000007d5da00000) (1024K)]
  0x0000020a7dac6c50 WatcherThread "VM Periodic Task Thread"        [id=24552, stack(0x0000007d5d800000,0x0000007d5d900000) (1024K)]
  0x0000020a61615f30 WorkerThread "GC Thread#0"                     [id=27692, stack(0x0000007d5d300000,0x0000007d5d400000) (1024K)]
  0x0000020a6162e6a0 ConcurrentGCThread "G1 Main Marker"            [id=21132, stack(0x0000007d5d400000,0x0000007d5d500000) (1024K)]
  0x0000020a61630130 WorkerThread "G1 Conc#0"                       [id=5280, stack(0x0000007d5d500000,0x0000007d5d600000) (1024K)]
  0x0000020a61660620 ConcurrentGCThread "G1 Refine#0"               [id=29840, stack(0x0000007d5d600000,0x0000007d5d700000) (1024K)]
  0x0000020a61662080 ConcurrentGCThread "G1 Service"                [id=25264, stack(0x0000007d5d700000,0x0000007d5d800000) (1024K)]
Total: 7

Threads with active compile tasks:
C2 CompilerThread0  2045  948  s    4       java.io.BufferedInputStream::read (112 bytes)
C2 CompilerThread1  2045  939       4       java.io.DataInputStream::readFully (59 bytes)
Total: 2

VM state: not at safepoint (normal execution)

VM Mutex/Monitor currently owned by a thread: None

Heap address: 0x0000000083200000, size: 1998 MB, Compressed Oops mode: 32-bit

CDS archive(s) mapped at: [0x0000000005000000-0x0000000005dd0000-0x0000000005dd0000), size 14483456, SharedBaseAddress: 0x0000000005000000, ArchiveRelocationMode: 1.
Compressed class space mapped at: 0x0000000006000000-0x0000000046000000, reserved size: 1073741824
UseCompressedClassPointers 1, UseCompactObjectHeaders 0
Narrow klass pointer bits 32, Max shift 3
Narrow klass base: 0x0000000005000000, Narrow klass shift: 0
Encoding Range: [0x0000000005000000 - 0x0000000105000000), (4294967296 bytes)
Klass Range:    [0x0000000005010000 - 0x0000000046000000), (1090453504 bytes)
Klass ID Range:  [65536 - 1090519033) (1090453497)
Protection zone: [0x0000000005000000 - 0x0000000005010000), (65536 bytes)

GC Precious Log:
 CardTable entry size: 512
 Card Set container configuration: InlinePtr #cards 5 size 8 Array Of Cards #cards 10 size 36 Howl #buckets 4 coarsen threshold 1843 Howl Bitmap #cards 512 size 80 coarsen threshold 460 Card regions per heap region 1 cards per card region 2048
 CPUs: 4 total, 4 available
 Memory: 7991M
 Large Page Support: Disabled
 NUMA Support: Disabled
 Compressed Oops: Enabled (32-bit)
 Heap Region Size: 1M
 Heap Min Capacity: 8M
 Heap Initial Capacity: 126M
 Heap Max Capacity: 1998M
 Pre-touch: Disabled
 Parallel Workers: 4
 Concurrent Workers: 1
 Concurrent Refinement Workers: 4
 Periodic GC: Disabled

Heap:
 garbage-first heap   total reserved 2045952K, committed 131072K, used 29843K [0x0000000083200000, 0x0000000100000000)
  region size 1024K, 28 young (28672K), 0 survivors (0K)

Heap Regions: E=young(eden), S=young(survivor), O=old, HS=humongous(starts), HC=humongous(continues), CS=collection set, F=free, TAMS=top-at-mark-start, PB=parsable bottom
|   0|0x0000000083200000, 0x0000000083300000, 0x0000000083300000|100%|HS|  |TAMS 0x0000000083200000| PB 0x0000000083200000| Complete |  0
|   1|0x0000000083300000, 0x0000000083400000, 0x0000000083400000|100%|HS|  |TAMS 0x0000000083300000| PB 0x0000000083300000| Complete |  0
|   2|0x0000000083400000, 0x0000000083400000, 0x0000000083500000|  0%| F|  |TAMS 0x0000000083400000| PB 0x0000000083400000| Untracked |  0
|   3|0x0000000083500000, 0x0000000083500000, 0x0000000083600000|  0%| F|  |TAMS 0x0000000083500000| PB 0x0000000083500000| Untracked |  0
|   4|0x0000000083600000, 0x0000000083600000, 0x0000000083700000|  0%| F|  |TAMS 0x0000000083600000| PB 0x0000000083600000| Untracked |  0
|   5|0x0000000083700000, 0x0000000083700000, 0x0000000083800000|  0%| F|  |TAMS 0x0000000083700000| PB 0x0000000083700000| Untracked |  0
|   6|0x0000000083800000, 0x0000000083800000, 0x0000000083900000|  0%| F|  |TAMS 0x0000000083800000| PB 0x0000000083800000| Untracked |  0
|   7|0x0000000083900000, 0x0000000083900000, 0x0000000083a00000|  0%| F|  |TAMS 0x0000000083900000| PB 0x0000000083900000| Untracked |  0
|   8|0x0000000083a00000, 0x0000000083a00000, 0x0000000083b00000|  0%| F|  |TAMS 0x0000000083a00000| PB 0x0000000083a00000| Untracked |  0
|   9|0x0000000083b00000, 0x0000000083b00000, 0x0000000083c00000|  0%| F|  |TAMS 0x0000000083b00000| PB 0x0000000083b00000| Untracked |  0
|  10|0x0000000083c00000, 0x0000000083c00000, 0x0000000083d00000|  0%| F|  |TAMS 0x0000000083c00000| PB 0x0000000083c00000| Untracked |  0
|  11|0x0000000083d00000, 0x0000000083d00000, 0x0000000083e00000|  0%| F|  |TAMS 0x0000000083d00000| PB 0x0000000083d00000| Untracked |  0
|  12|0x0000000083e00000, 0x0000000083e00000, 0x0000000083f00000|  0%| F|  |TAMS 0x0000000083e00000| PB 0x0000000083e00000| Untracked |  0
|  13|0x0000000083f00000, 0x0000000083f00000, 0x0000000084000000|  0%| F|  |TAMS 0x0000000083f00000| PB 0x0000000083f00000| Untracked |  0
|  14|0x0000000084000000, 0x0000000084000000, 0x0000000084100000|  0%| F|  |TAMS 0x0000000084000000| PB 0x0000000084000000| Untracked |  0
|  15|0x0000000084100000, 0x0000000084100000, 0x0000000084200000|  0%| F|  |TAMS 0x0000000084100000| PB 0x0000000084100000| Untracked |  0
|  16|0x0000000084200000, 0x0000000084200000, 0x0000000084300000|  0%| F|  |TAMS 0x0000000084200000| PB 0x0000000084200000| Untracked |  0
|  17|0x0000000084300000, 0x0000000084300000, 0x0000000084400000|  0%| F|  |TAMS 0x0000000084300000| PB 0x0000000084300000| Untracked |  0
|  18|0x0000000084400000, 0x0000000084400000, 0x0000000084500000|  0%| F|  |TAMS 0x0000000084400000| PB 0x0000000084400000| Untracked |  0
|  19|0x0000000084500000, 0x0000000084500000, 0x0000000084600000|  0%| F|  |TAMS 0x0000000084500000| PB 0x0000000084500000| Untracked |  0
|  20|0x0000000084600000, 0x0000000084600000, 0x0000000084700000|  0%| F|  |TAMS 0x0000000084600000| PB 0x0000000084600000| Untracked |  0
|  21|0x0000000084700000, 0x0000000084700000, 0x0000000084800000|  0%| F|  |TAMS 0x0000000084700000| PB 0x0000000084700000| Untracked |  0
|  22|0x0000000084800000, 0x0000000084800000, 0x0000000084900000|  0%| F|  |TAMS 0x0000000084800000| PB 0x0000000084800000| Untracked |  0
|  23|0x0000000084900000, 0x0000000084900000, 0x0000000084a00000|  0%| F|  |TAMS 0x0000000084900000| PB 0x0000000084900000| Untracked |  0
|  24|0x0000000084a00000, 0x0000000084a00000, 0x0000000084b00000|  0%| F|  |TAMS 0x0000000084a00000| PB 0x0000000084a00000| Untracked |  0
|  25|0x0000000084b00000, 0x0000000084b00000, 0x0000000084c00000|  0%| F|  |TAMS 0x0000000084b00000| PB 0x0000000084b00000| Untracked |  0
|  26|0x0000000084c00000, 0x0000000084c00000, 0x0000000084d00000|  0%| F|  |TAMS 0x0000000084c00000| PB 0x0000000084c00000| Untracked |  0
|  27|0x0000000084d00000, 0x0000000084d00000, 0x0000000084e00000|  0%| F|  |TAMS 0x0000000084d00000| PB 0x0000000084d00000| Untracked |  0
|  28|0x0000000084e00000, 0x0000000084e00000, 0x0000000084f00000|  0%| F|  |TAMS 0x0000000084e00000| PB 0x0000000084e00000| Untracked |  0
|  29|0x0000000084f00000, 0x0000000084f00000, 0x0000000085000000|  0%| F|  |TAMS 0x0000000084f00000| PB 0x0000000084f00000| Untracked |  0
|  30|0x0000000085000000, 0x0000000085000000, 0x0000000085100000|  0%| F|  |TAMS 0x0000000085000000| PB 0x0000000085000000| Untracked |  0
|  31|0x0000000085100000, 0x0000000085100000, 0x0000000085200000|  0%| F|  |TAMS 0x0000000085100000| PB 0x0000000085100000| Untracked |  0
|  32|0x0000000085200000, 0x0000000085200000, 0x0000000085300000|  0%| F|  |TAMS 0x0000000085200000| PB 0x0000000085200000| Untracked |  0
|  33|0x0000000085300000, 0x0000000085300000, 0x0000000085400000|  0%| F|  |TAMS 0x0000000085300000| PB 0x0000000085300000| Untracked |  0
|  34|0x0000000085400000, 0x0000000085400000, 0x0000000085500000|  0%| F|  |TAMS 0x0000000085400000| PB 0x0000000085400000| Untracked |  0
|  35|0x0000000085500000, 0x0000000085500000, 0x0000000085600000|  0%| F|  |TAMS 0x0000000085500000| PB 0x0000000085500000| Untracked |  0
|  36|0x0000000085600000, 0x0000000085600000, 0x0000000085700000|  0%| F|  |TAMS 0x0000000085600000| PB 0x0000000085600000| Untracked |  0
|  37|0x0000000085700000, 0x0000000085700000, 0x0000000085800000|  0%| F|  |TAMS 0x0000000085700000| PB 0x0000000085700000| Untracked |  0
|  38|0x0000000085800000, 0x0000000085800000, 0x0000000085900000|  0%| F|  |TAMS 0x0000000085800000| PB 0x0000000085800000| Untracked |  0
|  39|0x0000000085900000, 0x0000000085900000, 0x0000000085a00000|  0%| F|  |TAMS 0x0000000085900000| PB 0x0000000085900000| Untracked |  0
|  40|0x0000000085a00000, 0x0000000085a00000, 0x0000000085b00000|  0%| F|  |TAMS 0x0000000085a00000| PB 0x0000000085a00000| Untracked |  0
|  41|0x0000000085b00000, 0x0000000085b00000, 0x0000000085c00000|  0%| F|  |TAMS 0x0000000085b00000| PB 0x0000000085b00000| Untracked |  0
|  42|0x0000000085c00000, 0x0000000085c00000, 0x0000000085d00000|  0%| F|  |TAMS 0x0000000085c00000| PB 0x0000000085c00000| Untracked |  0
|  43|0x0000000085d00000, 0x0000000085d00000, 0x0000000085e00000|  0%| F|  |TAMS 0x0000000085d00000| PB 0x0000000085d00000| Untracked |  0
|  44|0x0000000085e00000, 0x0000000085e00000, 0x0000000085f00000|  0%| F|  |TAMS 0x0000000085e00000| PB 0x0000000085e00000| Untracked |  0
|  45|0x0000000085f00000, 0x0000000085f00000, 0x0000000086000000|  0%| F|  |TAMS 0x0000000085f00000| PB 0x0000000085f00000| Untracked |  0
|  46|0x0000000086000000, 0x0000000086000000, 0x0000000086100000|  0%| F|  |TAMS 0x0000000086000000| PB 0x0000000086000000| Untracked |  0
|  47|0x0000000086100000, 0x0000000086100000, 0x0000000086200000|  0%| F|  |TAMS 0x0000000086100000| PB 0x0000000086100000| Untracked |  0
|  48|0x0000000086200000, 0x0000000086200000, 0x0000000086300000|  0%| F|  |TAMS 0x0000000086200000| PB 0x0000000086200000| Untracked |  0
|  49|0x0000000086300000, 0x0000000086300000, 0x0000000086400000|  0%| F|  |TAMS 0x0000000086300000| PB 0x0000000086300000| Untracked |  0
|  50|0x0000000086400000, 0x0000000086400000, 0x0000000086500000|  0%| F|  |TAMS 0x0000000086400000| PB 0x0000000086400000| Untracked |  0
|  51|0x0000000086500000, 0x0000000086500000, 0x0000000086600000|  0%| F|  |TAMS 0x0000000086500000| PB 0x0000000086500000| Untracked |  0
|  52|0x0000000086600000, 0x0000000086600000, 0x0000000086700000|  0%| F|  |TAMS 0x0000000086600000| PB 0x0000000086600000| Untracked |  0
|  53|0x0000000086700000, 0x0000000086700000, 0x0000000086800000|  0%| F|  |TAMS 0x0000000086700000| PB 0x0000000086700000| Untracked |  0
|  54|0x0000000086800000, 0x0000000086800000, 0x0000000086900000|  0%| F|  |TAMS 0x0000000086800000| PB 0x0000000086800000| Untracked |  0
|  55|0x0000000086900000, 0x0000000086900000, 0x0000000086a00000|  0%| F|  |TAMS 0x0000000086900000| PB 0x0000000086900000| Untracked |  0
|  56|0x0000000086a00000, 0x0000000086a00000, 0x0000000086b00000|  0%| F|  |TAMS 0x0000000086a00000| PB 0x0000000086a00000| Untracked |  0
|  57|0x0000000086b00000, 0x0000000086b00000, 0x0000000086c00000|  0%| F|  |TAMS 0x0000000086b00000| PB 0x0000000086b00000| Untracked |  0
|  58|0x0000000086c00000, 0x0000000086c00000, 0x0000000086d00000|  0%| F|  |TAMS 0x0000000086c00000| PB 0x0000000086c00000| Untracked |  0
|  59|0x0000000086d00000, 0x0000000086d00000, 0x0000000086e00000|  0%| F|  |TAMS 0x0000000086d00000| PB 0x0000000086d00000| Untracked |  0
|  60|0x0000000086e00000, 0x0000000086e00000, 0x0000000086f00000|  0%| F|  |TAMS 0x0000000086e00000| PB 0x0000000086e00000| Untracked |  0
|  61|0x0000000086f00000, 0x0000000086f00000, 0x0000000087000000|  0%| F|  |TAMS 0x0000000086f00000| PB 0x0000000086f00000| Untracked |  0
|  62|0x0000000087000000, 0x0000000087000000, 0x0000000087100000|  0%| F|  |TAMS 0x0000000087000000| PB 0x0000000087000000| Untracked |  0
|  63|0x0000000087100000, 0x0000000087100000, 0x0000000087200000|  0%| F|  |TAMS 0x0000000087100000| PB 0x0000000087100000| Untracked |  0
|  64|0x0000000087200000, 0x0000000087200000, 0x0000000087300000|  0%| F|  |TAMS 0x0000000087200000| PB 0x0000000087200000| Untracked |  0
|  65|0x0000000087300000, 0x0000000087300000, 0x0000000087400000|  0%| F|  |TAMS 0x0000000087300000| PB 0x0000000087300000| Untracked |  0
|  66|0x0000000087400000, 0x0000000087400000, 0x0000000087500000|  0%| F|  |TAMS 0x0000000087400000| PB 0x0000000087400000| Untracked |  0
|  67|0x0000000087500000, 0x0000000087500000, 0x0000000087600000|  0%| F|  |TAMS 0x0000000087500000| PB 0x0000000087500000| Untracked |  0
|  68|0x0000000087600000, 0x0000000087600000, 0x0000000087700000|  0%| F|  |TAMS 0x0000000087600000| PB 0x0000000087600000| Untracked |  0
|  69|0x0000000087700000, 0x0000000087700000, 0x0000000087800000|  0%| F|  |TAMS 0x0000000087700000| PB 0x0000000087700000| Untracked |  0
|  70|0x0000000087800000, 0x0000000087800000, 0x0000000087900000|  0%| F|  |TAMS 0x0000000087800000| PB 0x0000000087800000| Untracked |  0
|  71|0x0000000087900000, 0x0000000087900000, 0x0000000087a00000|  0%| F|  |TAMS 0x0000000087900000| PB 0x0000000087900000| Untracked |  0
|  72|0x0000000087a00000, 0x0000000087a00000, 0x0000000087b00000|  0%| F|  |TAMS 0x0000000087a00000| PB 0x0000000087a00000| Untracked |  0
|  73|0x0000000087b00000, 0x0000000087b00000, 0x0000000087c00000|  0%| F|  |TAMS 0x0000000087b00000| PB 0x0000000087b00000| Untracked |  0
|  74|0x0000000087c00000, 0x0000000087c00000, 0x0000000087d00000|  0%| F|  |TAMS 0x0000000087c00000| PB 0x0000000087c00000| Untracked |  0
|  75|0x0000000087d00000, 0x0000000087d00000, 0x0000000087e00000|  0%| F|  |TAMS 0x0000000087d00000| PB 0x0000000087d00000| Untracked |  0
|  76|0x0000000087e00000, 0x0000000087e00000, 0x0000000087f00000|  0%| F|  |TAMS 0x0000000087e00000| PB 0x0000000087e00000| Untracked |  0
|  77|0x0000000087f00000, 0x0000000087f00000, 0x0000000088000000|  0%| F|  |TAMS 0x0000000087f00000| PB 0x0000000087f00000| Untracked |  0
|  78|0x0000000088000000, 0x0000000088000000, 0x0000000088100000|  0%| F|  |TAMS 0x0000000088000000| PB 0x0000000088000000| Untracked |  0
|  79|0x0000000088100000, 0x0000000088100000, 0x0000000088200000|  0%| F|  |TAMS 0x0000000088100000| PB 0x0000000088100000| Untracked |  0
|  80|0x0000000088200000, 0x0000000088200000, 0x0000000088300000|  0%| F|  |TAMS 0x0000000088200000| PB 0x0000000088200000| Untracked |  0
|  81|0x0000000088300000, 0x0000000088300000, 0x0000000088400000|  0%| F|  |TAMS 0x0000000088300000| PB 0x0000000088300000| Untracked |  0
|  82|0x0000000088400000, 0x0000000088400000, 0x0000000088500000|  0%| F|  |TAMS 0x0000000088400000| PB 0x0000000088400000| Untracked |  0
|  83|0x0000000088500000, 0x0000000088500000, 0x0000000088600000|  0%| F|  |TAMS 0x0000000088500000| PB 0x0000000088500000| Untracked |  0
|  84|0x0000000088600000, 0x0000000088600000, 0x0000000088700000|  0%| F|  |TAMS 0x0000000088600000| PB 0x0000000088600000| Untracked |  0
|  85|0x0000000088700000, 0x0000000088700000, 0x0000000088800000|  0%| F|  |TAMS 0x0000000088700000| PB 0x0000000088700000| Untracked |  0
|  86|0x0000000088800000, 0x0000000088800000, 0x0000000088900000|  0%| F|  |TAMS 0x0000000088800000| PB 0x0000000088800000| Untracked |  0
|  87|0x0000000088900000, 0x0000000088900000, 0x0000000088a00000|  0%| F|  |TAMS 0x0000000088900000| PB 0x0000000088900000| Untracked |  0
|  88|0x0000000088a00000, 0x0000000088a00000, 0x0000000088b00000|  0%| F|  |TAMS 0x0000000088a00000| PB 0x0000000088a00000| Untracked |  0
|  89|0x0000000088b00000, 0x0000000088b00000, 0x0000000088c00000|  0%| F|  |TAMS 0x0000000088b00000| PB 0x0000000088b00000| Untracked |  0
|  90|0x0000000088c00000, 0x0000000088c00000, 0x0000000088d00000|  0%| F|  |TAMS 0x0000000088c00000| PB 0x0000000088c00000| Untracked |  0
|  91|0x0000000088d00000, 0x0000000088d00000, 0x0000000088e00000|  0%| F|  |TAMS 0x0000000088d00000| PB 0x0000000088d00000| Untracked |  0
|  92|0x0000000088e00000, 0x0000000088e00000, 0x0000000088f00000|  0%| F|  |TAMS 0x0000000088e00000| PB 0x0000000088e00000| Untracked |  0
|  93|0x0000000088f00000, 0x0000000088f00000, 0x0000000089000000|  0%| F|  |TAMS 0x0000000088f00000| PB 0x0000000088f00000| Untracked |  0
|  94|0x0000000089000000, 0x0000000089000000, 0x0000000089100000|  0%| F|  |TAMS 0x0000000089000000| PB 0x0000000089000000| Untracked |  0
|  95|0x0000000089100000, 0x0000000089100000, 0x0000000089200000|  0%| F|  |TAMS 0x0000000089100000| PB 0x0000000089100000| Untracked |  0
|  96|0x0000000089200000, 0x0000000089200000, 0x0000000089300000|  0%| F|  |TAMS 0x0000000089200000| PB 0x0000000089200000| Untracked |  0
|  97|0x0000000089300000, 0x0000000089300000, 0x0000000089400000|  0%| F|  |TAMS 0x0000000089300000| PB 0x0000000089300000| Untracked |  0
|  98|0x0000000089400000, 0x0000000089500000, 0x0000000089500000|100%| E|  |TAMS 0x0000000089400000| PB 0x0000000089400000| Complete |  0
|  99|0x0000000089500000, 0x0000000089600000, 0x0000000089600000|100%| E|CS|TAMS 0x0000000089500000| PB 0x0000000089500000| Complete |  0
| 100|0x0000000089600000, 0x0000000089700000, 0x0000000089700000|100%| E|CS|TAMS 0x0000000089600000| PB 0x0000000089600000| Complete |  0
| 101|0x0000000089700000, 0x0000000089800000, 0x0000000089800000|100%| E|CS|TAMS 0x0000000089700000| PB 0x0000000089700000| Complete |  0
| 102|0x0000000089800000, 0x0000000089900000, 0x0000000089900000|100%| E|CS|TAMS 0x0000000089800000| PB 0x0000000089800000| Complete |  0
| 103|0x0000000089900000, 0x0000000089a00000, 0x0000000089a00000|100%| E|CS|TAMS 0x0000000089900000| PB 0x0000000089900000| Complete |  0
| 104|0x0000000089a00000, 0x0000000089b00000, 0x0000000089b00000|100%| E|CS|TAMS 0x0000000089a00000| PB 0x0000000089a00000| Complete |  0
| 105|0x0000000089b00000, 0x0000000089c00000, 0x0000000089c00000|100%| E|CS|TAMS 0x0000000089b00000| PB 0x0000000089b00000| Complete |  0
| 106|0x0000000089c00000, 0x0000000089d00000, 0x0000000089d00000|100%| E|CS|TAMS 0x0000000089c00000| PB 0x0000000089c00000| Complete |  0
| 107|0x0000000089d00000, 0x0000000089e00000, 0x0000000089e00000|100%| E|CS|TAMS 0x0000000089d00000| PB 0x0000000089d00000| Complete |  0
| 108|0x0000000089e00000, 0x0000000089f00000, 0x0000000089f00000|100%| E|CS|TAMS 0x0000000089e00000| PB 0x0000000089e00000| Complete |  0
| 109|0x0000000089f00000, 0x000000008a000000, 0x000000008a000000|100%| E|CS|TAMS 0x0000000089f00000| PB 0x0000000089f00000| Complete |  0
| 110|0x000000008a000000, 0x000000008a100000, 0x000000008a100000|100%| E|CS|TAMS 0x000000008a000000| PB 0x000000008a000000| Complete |  0
| 111|0x000000008a100000, 0x000000008a200000, 0x000000008a200000|100%| E|CS|TAMS 0x000000008a100000| PB 0x000000008a100000| Complete |  0
| 112|0x000000008a200000, 0x000000008a300000, 0x000000008a300000|100%| E|CS|TAMS 0x000000008a200000| PB 0x000000008a200000| Complete |  0
| 113|0x000000008a300000, 0x000000008a400000, 0x000000008a400000|100%| E|CS|TAMS 0x000000008a300000| PB 0x000000008a300000| Complete |  0
| 114|0x000000008a400000, 0x000000008a500000, 0x000000008a500000|100%| E|CS|TAMS 0x000000008a400000| PB 0x000000008a400000| Complete |  0
| 115|0x000000008a500000, 0x000000008a600000, 0x000000008a600000|100%| E|CS|TAMS 0x000000008a500000| PB 0x000000008a500000| Complete |  0
| 116|0x000000008a600000, 0x000000008a700000, 0x000000008a700000|100%| E|CS|TAMS 0x000000008a600000| PB 0x000000008a600000| Complete |  0
| 117|0x000000008a700000, 0x000000008a800000, 0x000000008a800000|100%| E|  |TAMS 0x000000008a700000| PB 0x000000008a700000| Complete |  0
| 118|0x000000008a800000, 0x000000008a900000, 0x000000008a900000|100%| E|CS|TAMS 0x000000008a800000| PB 0x000000008a800000| Complete |  0
| 119|0x000000008a900000, 0x000000008aa00000, 0x000000008aa00000|100%| E|CS|TAMS 0x000000008a900000| PB 0x000000008a900000| Complete |  0
| 120|0x000000008aa00000, 0x000000008ab00000, 0x000000008ab00000|100%| E|CS|TAMS 0x000000008aa00000| PB 0x000000008aa00000| Complete |  0
| 121|0x000000008ab00000, 0x000000008ac00000, 0x000000008ac00000|100%| E|CS|TAMS 0x000000008ab00000| PB 0x000000008ab00000| Complete |  0
| 122|0x000000008ac00000, 0x000000008ad00000, 0x000000008ad00000|100%| E|CS|TAMS 0x000000008ac00000| PB 0x000000008ac00000| Complete |  0
| 123|0x000000008ad00000, 0x000000008ae00000, 0x000000008ae00000|100%| E|CS|TAMS 0x000000008ad00000| PB 0x000000008ad00000| Complete |  0
| 124|0x000000008ae00000, 0x000000008af00000, 0x000000008af00000|100%| E|CS|TAMS 0x000000008ae00000| PB 0x000000008ae00000| Complete |  0
| 125|0x000000008af00000, 0x000000008b000000, 0x000000008b000000|100%| E|CS|TAMS 0x000000008af00000| PB 0x000000008af00000| Complete |  0
|1996|0x00000000ffe00000, 0x00000000fff00000, 0x00000000fff00000|100%| O|  |TAMS 0x00000000ffe00000| PB 0x00000000ffe00000| Untracked |  0
|1997|0x00000000fff00000, 0x00000000fff24ea8, 0x0000000100000000| 14%| O|  |TAMS 0x00000000fff00000| PB 0x00000000fff00000| Untracked |  0

Card table byte_map: [0x0000020a79230000,0x0000020a79620000] _byte_map_base: 0x0000020a78e17000

Marking Bits: (CMBitMap*) 0x0000020a616166c0
 Bits: [0x0000020a79620000, 0x0000020a7b558000)

Polling page: 0x0000020a5f360000

Metaspace:
Metaspace        used 10151K, committed 10304K, reserved 1114112K
 class space     used 1021K, committed 1088K, reserved 1048576K

Usage:
  Non-class:      8.92 MB used.
      Class:   1023.20 KB used.
       Both:      9.92 MB used.

Virtual space:
  Non-class space:       64.00 MB reserved,       9.00 MB ( 14%) committed,  1 nodes.
      Class space:        1.00 GB reserved,       1.06 MB ( <1%) committed,  1 nodes.
             Both:        1.06 GB reserved,      10.06 MB ( <1%) committed. 

Chunk freelists:
   Non-Class:  6.70 MB
       Class:  14.94 MB
        Both:  21.64 MB

MaxMetaspaceSize: unlimited
CompressedClassSpaceSize: 1.00 GB
Initial GC threshold: 21.00 MB
Current GC threshold: 21.00 MB
CDS: on
 - commit_granule_bytes: 65536.
 - commit_granule_words: 8192.
 - virtual_space_node_default_size: 8388608.
 - enlarge_chunks_in_place: 1.
UseCompressedClassPointers 1, UseCompactObjectHeaders 0
Narrow klass pointer bits 32, Max shift 3
Narrow klass base: 0x0000000005000000, Narrow klass shift: 0
Encoding Range: [0x0000000005000000 - 0x0000000105000000), (4294967296 bytes)
Klass Range:    [0x0000000005010000 - 0x0000000046000000), (1090453504 bytes)
Klass ID Range:  [65536 - 1090519033) (1090453497)
Protection zone: [0x0000000005000000 - 0x0000000005010000), (65536 bytes)


Internal statistics:

num_allocs_failed_limit: 0.
num_arena_births: 28.
num_arena_deaths: 0.
num_vsnodes_births: 2.
num_vsnodes_deaths: 0.
num_space_committed: 161.
num_space_uncommitted: 0.
num_chunks_returned_to_freelist: 0.
num_chunks_taken_from_freelist: 173.
num_chunk_merges: 0.
num_chunk_splits: 139.
num_chunks_enlarged: 125.
num_inconsistent_stats: 0.

CodeHeap 'non-profiled nmethods': size=120064Kb used=292Kb max_used=292Kb free=119771Kb
 bounds [0x0000020a71900000, 0x0000020a71b70000, 0x0000020a78e40000]
CodeHeap 'profiled nmethods': size=120000Kb used=1499Kb max_used=1499Kb free=118500Kb
 bounds [0x0000020a69e40000, 0x0000020a6a0b0000, 0x0000020a71370000]
CodeHeap 'non-nmethods': size=5696Kb used=1468Kb max_used=1469Kb free=4227Kb
 bounds [0x0000020a71370000, 0x0000020a715e0000, 0x0000020a71900000]
CodeCache: size=245760Kb, used=3259Kb, max_used=3260Kb, free=242498Kb
 total_blobs=1472, nmethods=998, adapters=376, full_count=0
Compilation: enabled, stopped_count=0, restarted_count=0

Compilation events (20 events):
Event: 1.882 Thread 0x0000020a7db23140  945       3       java.io.DataInputStream::readFully (9 bytes)
Event: 1.882 Thread 0x0000020a7db23140 nmethod 945 0x0000020a69fa0e08 code [0x0000020a69fa0f00, 0x0000020a69fa10c0]
Event: 1.886 Thread 0x0000020a7db01d70 nmethod 944 0x0000020a71945c88 code [0x0000020a71945d80, 0x0000020a71946338]
Event: 1.887 Thread 0x0000020a7db23140  946       3       org.aspectj.apache.bcel.classfile.Attribute::<init> (26 bytes)
Event: 1.887 Thread 0x0000020a7db23140 nmethod 946 0x0000020a69fa1108 code [0x0000020a69fa1200, 0x0000020a69fa13c0]
Event: 1.888 Thread 0x0000020a7db23140  947   !   3       org.aspectj.apache.bcel.classfile.AttributeUtils::readAttributes (75 bytes)
Event: 1.888 Thread 0x0000020a7db01d70  948  s    4       java.io.BufferedInputStream::read (112 bytes)
Event: 1.889 Thread 0x0000020a7db23140 nmethod 947 0x0000020a69fa1408 code [0x0000020a69fa1500, 0x0000020a69fa28b8]
Event: 1.889 Thread 0x0000020a7db23140  949       1       org.aspectj.apache.bcel.classfile.Code::setCode (6 bytes)
Event: 1.889 Thread 0x0000020a7db23140 nmethod 949 0x0000020a71946388 code [0x0000020a71946480, 0x0000020a71946590]
Event: 1.889 Thread 0x0000020a7db23140  950       1       org.aspectj.apache.bcel.classfile.Code::setExceptionTable (6 bytes)
Event: 1.889 Thread 0x0000020a7db23140 nmethod 950 0x0000020a71946688 code [0x0000020a71946780, 0x0000020a71946890]
Event: 1.890 Thread 0x0000020a7db23140  952       3       org.aspectj.apache.bcel.classfile.ConstantPool::getConstant (65 bytes)
Event: 1.891 Thread 0x0000020a7db23140 nmethod 952 0x0000020a69fa2908 code [0x0000020a69fa2a00, 0x0000020a69fa39c8]
Event: 1.891 Thread 0x0000020a7db23140  953       1       org.aspectj.weaver.AbstractReferenceTypeDelegate::getSourceContext (5 bytes)
Event: 1.891 Thread 0x0000020a7db23140 nmethod 953 0x0000020a71946988 code [0x0000020a71946a80, 0x0000020a71946b48]
Event: 1.896 Thread 0x0000020a7db23140  954       1       org.aspectj.weaver.ResolvedType::getWorld (5 bytes)
Event: 1.896 Thread 0x0000020a7db23140 nmethod 954 0x0000020a71946c88 code [0x0000020a71946d80, 0x0000020a71946e48]
Event: 1.899 Thread 0x0000020a7db23140  955       3       java.lang.reflect.Modifier::isStatic (13 bytes)
Event: 1.899 Thread 0x0000020a7db23140 nmethod 955 0x0000020a69fa3a08 code [0x0000020a69fa3b00, 0x0000020a69fa3c38]

GC Heap Usage History (0 events):
No events

Metaspace Usage History (0 events):
No events

Dll operation events (8 events):
Event: 0.061 Loaded shared library C:\Users\User\.jdks\openjdk-25.0.2\bin\java.dll
Event: 0.063 Loaded shared library C:\Users\User\.jdks\openjdk-25.0.2\bin\zip.dll
Event: 0.735 Loaded shared library C:\Users\User\.jdks\openjdk-25.0.2\bin\instrument.dll
Event: 0.762 Loaded shared library C:\Users\User\.jdks\openjdk-25.0.2\bin\verify.dll
Event: 0.838 Loaded shared library C:\Users\User\.jdks\openjdk-25.0.2\bin\net.dll
Event: 0.841 Loaded shared library C:\Users\User\.jdks\openjdk-25.0.2\bin\nio.dll
Event: 1.048 Loaded shared library C:\Users\User\.jdks\openjdk-25.0.2\bin\zip.dll
Event: 1.222 Loaded shared library C:\Users\User\.jdks\openjdk-25.0.2\bin\jimage.dll

Deoptimization events (20 events):
Event: 1.441 Thread 0x0000020a615bd830 DEOPT PACKING pc=0x0000020a69efd319 sp=0x0000007d5d2f89a0
Event: 1.441 Thread 0x0000020a615bd830 DEOPT UNPACKING pc=0x0000020a713c12a2 sp=0x0000007d5d2f7df0 mode 0
Event: 1.459 Thread 0x0000020a615bd830 DEOPT PACKING pc=0x0000020a69efd319 sp=0x0000007d5d2f7350
Event: 1.459 Thread 0x0000020a615bd830 DEOPT UNPACKING pc=0x0000020a713c12a2 sp=0x0000007d5d2f67a0 mode 0
Event: 1.470 Thread 0x0000020a615bd830 DEOPT PACKING pc=0x0000020a69efd319 sp=0x0000007d5d2fb450
Event: 1.470 Thread 0x0000020a615bd830 DEOPT UNPACKING pc=0x0000020a713c12a2 sp=0x0000007d5d2fa8a0 mode 0
Event: 1.480 Thread 0x0000020a615bd830 DEOPT PACKING pc=0x0000020a69efd319 sp=0x0000007d5d2f7c50
Event: 1.480 Thread 0x0000020a615bd830 DEOPT UNPACKING pc=0x0000020a713c12a2 sp=0x0000007d5d2f70a0 mode 0
Event: 1.516 Thread 0x0000020a615bd830 DEOPT PACKING pc=0x0000020a69e852f9 sp=0x0000007d5d2f8aa0
Event: 1.516 Thread 0x0000020a615bd830 DEOPT UNPACKING pc=0x0000020a713c12a2 sp=0x0000007d5d2f7f18 mode 0
Event: 1.560 Thread 0x0000020a615bd830 Uncommon trap: trap_request=0xffffff45 fr.pc=0x0000020a719186f4 relative=0x0000000000000074
Event: 1.560 Thread 0x0000020a615bd830 Uncommon trap: reason=unstable_if action=reinterpret pc=0x0000020a719186f4 method=jdk.internal.misc.Unsafe.convEndian(ZI)I @ 4 c2
Event: 1.560 Thread 0x0000020a615bd830 DEOPT PACKING pc=0x0000020a719186f4 sp=0x0000007d5d2fc810
Event: 1.560 Thread 0x0000020a615bd830 DEOPT UNPACKING pc=0x0000020a7149be82 sp=0x0000007d5d2fc740 mode 2
Event: 1.560 Thread 0x0000020a615bd830 Uncommon trap: trap_request=0xffffff45 fr.pc=0x0000020a71918cf8 relative=0x0000000000000078
Event: 1.560 Thread 0x0000020a615bd830 Uncommon trap: reason=unstable_if action=reinterpret pc=0x0000020a71918cf8 method=jdk.internal.misc.Unsafe.convEndian(ZS)S @ 4 c2
Event: 1.560 Thread 0x0000020a615bd830 DEOPT PACKING pc=0x0000020a71918cf8 sp=0x0000007d5d2fc810
Event: 1.560 Thread 0x0000020a615bd830 DEOPT UNPACKING pc=0x0000020a7149be82 sp=0x0000007d5d2fc740 mode 2
Event: 1.581 Thread 0x0000020a615bd830 DEOPT PACKING pc=0x0000020a69e870a8 sp=0x0000007d5d2f8170
Event: 1.581 Thread 0x0000020a615bd830 DEOPT UNPACKING pc=0x0000020a713c12a2 sp=0x0000007d5d2f75e0 mode 0

Classes loaded (20 events):
Event: 1.856 Loading class org/aspectj/weaver/bcel/BcelShadow$1
Event: 1.856 Loading class org/aspectj/weaver/bcel/BcelShadow$1 done
Event: 1.857 Loading class org/aspectj/weaver/bcel/AspectInstanceVar
Event: 1.857 Loading class org/aspectj/weaver/bcel/AspectInstanceVar done
Event: 1.858 Loading class org/aspectj/weaver/bcel/TypeAnnotationAccessVar
Event: 1.858 Loading class org/aspectj/weaver/bcel/TypeAnnotationAccessVar done
Event: 1.860 Loading class org/aspectj/weaver/bcel/ShadowRange
Event: 1.860 Loading class org/aspectj/weaver/bcel/ShadowRange done
Event: 1.860 Loading class org/aspectj/weaver/bcel/Range
Event: 1.860 Loading class org/aspectj/weaver/bcel/Range done
Event: 1.861 Loading class org/aspectj/weaver/bcel/Range$Where
Event: 1.861 Loading class org/aspectj/weaver/bcel/Range$Where done
Event: 1.862 Loading class org/aspectj/weaver/JoinPointSignatureIterator
Event: 1.862 Loading class org/aspectj/weaver/JoinPointSignatureIterator done
Event: 1.862 Loading class org/aspectj/weaver/JoinPointSignature
Event: 1.862 Loading class org/aspectj/weaver/JoinPointSignature done
Event: 1.897 Loading class org/aspectj/weaver/Dump
Event: 1.897 Loading class org/aspectj/weaver/Dump done
Event: 1.899 Loading class com/intellij/rt/execution/application/AppMainV2
Event: 1.899 Loading class com/intellij/rt/execution/application/AppMainV2 done

Classes unloaded (0 events):
No events

Classes redefined (1 events):
Event: 0.790 Thread 0x0000020a7dad3710 redefined class name=java.lang.Throwable, count=1

Internal exceptions (20 events):
Event: 1.746 Thread 0x0000020a615bd830 Exception <a 'java/lang/ArrayIndexOutOfBoundsException'{0x000000008999d130}: Index 9 out of bounds for length 9> (0x000000008999d130) 
thrown [s\open\src\hotspot\share\interpreter\interpreterRuntime.cpp, line 420]
Event: 1.747 Thread 0x0000020a615bd830 Exception <a 'java/lang/ArrayIndexOutOfBoundsException'{0x000000008999d728}: Index 9 out of bounds for length 9> (0x000000008999d728) 
thrown [s\open\src\hotspot\share\interpreter\interpreterRuntime.cpp, line 420]
Event: 1.772 Thread 0x0000020a615bd830 Exception <a 'java/lang/ArrayIndexOutOfBoundsException'{0x0000000089810eb0}: Index 7 out of bounds for length 7> (0x0000000089810eb0) 
thrown [s\open\src\hotspot\share\interpreter\interpreterRuntime.cpp, line 420]
Event: 1.772 Thread 0x0000020a615bd830 Exception <a 'java/lang/ArrayIndexOutOfBoundsException'{0x00000000898114a8}: Index 7 out of bounds for length 7> (0x00000000898114a8) 
thrown [s\open\src\hotspot\share\interpreter\interpreterRuntime.cpp, line 420]
Event: 1.772 Thread 0x0000020a615bd830 Exception <a 'java/lang/ArrayIndexOutOfBoundsException'{0x0000000089811aa0}: Index 7 out of bounds for length 7> (0x0000000089811aa0) 
thrown [s\open\src\hotspot\share\interpreter\interpreterRuntime.cpp, line 420]
Event: 1.779 Thread 0x0000020a615bd830 Exception <a 'java/lang/ArrayIndexOutOfBoundsException'{0x000000008982e3f0}: Index 7 out of bounds for length 7> (0x000000008982e3f0) 
thrown [s\open\src\hotspot\share\interpreter\interpreterRuntime.cpp, line 420]
Event: 1.779 Thread 0x0000020a615bd830 Exception <a 'java/lang/ArrayIndexOutOfBoundsException'{0x000000008982e9e8}: Index 7 out of bounds for length 7> (0x000000008982e9e8) 
thrown [s\open\src\hotspot\share\interpreter\interpreterRuntime.cpp, line 420]
Event: 1.779 Thread 0x0000020a615bd830 Exception <a 'java/lang/ArrayIndexOutOfBoundsException'{0x000000008982efe0}: Index 7 out of bounds for length 7> (0x000000008982efe0) 
thrown [s\open\src\hotspot\share\interpreter\interpreterRuntime.cpp, line 420]
Event: 1.781 Thread 0x0000020a615bd830 Exception <a 'java/lang/ArrayIndexOutOfBoundsException'{0x0000000089832b40}: Index 7 out of bounds for length 7> (0x0000000089832b40) 
thrown [s\open\src\hotspot\share\interpreter\interpreterRuntime.cpp, line 420]
Event: 1.781 Thread 0x0000020a615bd830 Exception <a 'java/lang/ArrayIndexOutOfBoundsException'{0x0000000089833138}: Index 7 out of bounds for length 7> (0x0000000089833138) 
thrown [s\open\src\hotspot\share\interpreter\interpreterRuntime.cpp, line 420]
Event: 1.781 Thread 0x0000020a615bd830 Exception <a 'java/lang/ArrayIndexOutOfBoundsException'{0x0000000089833730}: Index 7 out of bounds for length 7> (0x0000000089833730) 
thrown [s\open\src\hotspot\share\interpreter\interpreterRuntime.cpp, line 420]
Event: 1.795 Thread 0x0000020a615bd830 Exception <a 'java/lang/ArrayIndexOutOfBoundsException'{0x000000008985f370}: Index 11 out of bounds for length 11> (0x000000008985f370) 
thrown [s\open\src\hotspot\share\interpreter\interpreterRuntime.cpp, line 420]
Event: 1.795 Thread 0x0000020a615bd830 Exception <a 'java/lang/ArrayIndexOutOfBoundsException'{0x000000008985f968}: Index 11 out of bounds for length 11> (0x000000008985f968) 
thrown [s\open\src\hotspot\share\interpreter\interpreterRuntime.cpp, line 420]
Event: 1.795 Thread 0x0000020a615bd830 Exception <a 'java/lang/ArrayIndexOutOfBoundsException'{0x000000008985ff60}: Index 11 out of bounds for length 11> (0x000000008985ff60) 
thrown [s\open\src\hotspot\share\interpreter\interpreterRuntime.cpp, line 420]
Event: 1.795 Thread 0x0000020a615bd830 Exception <a 'java/lang/ArrayIndexOutOfBoundsException'{0x0000000089861318}: Index 9 out of bounds for length 9> (0x0000000089861318) 
thrown [s\open\src\hotspot\share\interpreter\interpreterRuntime.cpp, line 420]
Event: 1.795 Thread 0x0000020a615bd830 Exception <a 'java/lang/ArrayIndexOutOfBoundsException'{0x0000000089861910}: Index 9 out of bounds for length 9> (0x0000000089861910) 
thrown [s\open\src\hotspot\share\interpreter\interpreterRuntime.cpp, line 420]
Event: 1.795 Thread 0x0000020a615bd830 Exception <a 'java/lang/ArrayIndexOutOfBoundsException'{0x0000000089861f08}: Index 9 out of bounds for length 9> (0x0000000089861f08) 
thrown [s\open\src\hotspot\share\interpreter\interpreterRuntime.cpp, line 420]
Event: 1.797 Thread 0x0000020a615bd830 Exception <a 'java/lang/ArrayIndexOutOfBoundsException'{0x0000000089867ff0}> (0x0000000089867ff0) 
thrown [s\open\src\hotspot\share\runtime\sharedRuntime.cpp, line 681]
Event: 1.797 Thread 0x0000020a615bd830 Exception <a 'java/lang/ArrayIndexOutOfBoundsException'{0x00000000898685e8}> (0x00000000898685e8) 
thrown [s\open\src\hotspot\share\runtime\sharedRuntime.cpp, line 681]
Event: 1.798 Thread 0x0000020a615bd830 Exception <a 'java/lang/ArrayIndexOutOfBoundsException'{0x0000000089868be0}: Index 7 out of bounds for length 7> (0x0000000089868be0) 
thrown [s\open\src\hotspot\share\interpreter\interpreterRuntime.cpp, line 420]

VM Operations (12 events):
Event: 0.662 Executing non-safepoint VM operation: HandshakeAllThreads (Deoptimize)
Event: 0.662 Executing non-safepoint VM operation: HandshakeAllThreads (Deoptimize) done
Event: 0.789 Executing safepoint VM operation: RedefineClasses
Event: 0.792 Executing safepoint VM operation: RedefineClasses done
Event: 1.298 Executing non-safepoint VM operation: HandshakeAllThreads (Deoptimize)
Event: 1.298 Executing non-safepoint VM operation: HandshakeAllThreads (Deoptimize) done
Event: 1.304 Executing non-safepoint VM operation: HandshakeAllThreads (Deoptimize)
Event: 1.305 Executing non-safepoint VM operation: HandshakeAllThreads (Deoptimize) done
Event: 1.339 Executing non-safepoint VM operation: HandshakeAllThreads (Deoptimize)
Event: 1.339 Executing non-safepoint VM operation: HandshakeAllThreads (Deoptimize) done
Event: 1.681 Executing non-safepoint VM operation: HandshakeAllThreads (Deoptimize)
Event: 1.681 Executing non-safepoint VM operation: HandshakeAllThreads (Deoptimize) done

Memory protections (0 events):
No events

Nmethod flushes (0 events):
No events

Events (12 events):
Event: 0.101 Thread 0x0000020a615bd830 Thread added: 0x0000020a615bd830
Event: 0.144 Thread 0x0000020a615bd830 Thread added: 0x0000020a7dae77e0
Event: 0.144 Thread 0x0000020a615bd830 Thread added: 0x0000020a7daeb4a0
Event: 0.145 Thread 0x0000020a615bd830 Thread added: 0x0000020a7daf00b0
Event: 0.145 Thread 0x0000020a615bd830 Thread added: 0x0000020a7daf0c70
Event: 0.145 Thread 0x0000020a615bd830 Thread added: 0x0000020a7daf70a0
Event: 0.145 Thread 0x0000020a615bd830 Thread added: 0x0000020a7dafd5a0
Event: 0.145 Thread 0x0000020a615bd830 Thread added: 0x0000020a7db01d70
Event: 0.145 Thread 0x0000020a615bd830 Thread added: 0x0000020a7db23140
Event: 0.752 Thread 0x0000020a615bd830 Thread added: 0x0000020a7dd28d90
Event: 0.793 Thread 0x0000020a615bd830 Thread added: 0x0000020a7dd9b180
Event: 1.096 Thread 0x0000020a7db23140 Thread added: 0x0000020a7e0e06e0


Dynamic libraries:
0x00007ff667960000 - 0x00007ff66796e000 	C:\Users\User\.jdks\openjdk-25.0.2\bin\java.exe
0x00007ff864180000 - 0x00007ff8643e7000 	C:\WINDOWS\SYSTEM32\ntdll.dll
0x00007ff862650000 - 0x00007ff862719000 	C:\WINDOWS\System32\KERNEL32.DLL
0x00007ff861670000 - 0x00007ff861a5f000 	C:\WINDOWS\System32\KERNELBASE.dll
0x00007ff861dd0000 - 0x00007ff861f1b000 	C:\WINDOWS\System32\ucrtbase.dll
0x00007ff852ca0000 - 0x00007ff852cb7000 	C:\Users\User\.jdks\openjdk-25.0.2\bin\jli.dll
0x00007ff851f00000 - 0x00007ff851f1e000 	C:\Users\User\.jdks\openjdk-25.0.2\bin\VCRUNTIME140.dll
0x00007ff863e40000 - 0x00007ff864005000 	C:\WINDOWS\System32\USER32.dll
0x00007ff837bb0000 - 0x00007ff837e43000 	C:\WINDOWS\WinSxS\amd64_microsoft.windows.common-controls_6595b64144ccf1df_6.0.26100.7309_none_3e05feeae336a044\COMCTL32.dll
0x00007ff8630f0000 - 0x00007ff863199000 	C:\WINDOWS\System32\msvcrt.dll
0x00007ff863930000 - 0x00007ff86395b000 	C:\WINDOWS\System32\GDI32.dll
0x00007ff861450000 - 0x00007ff861477000 	C:\WINDOWS\System32\win32u.dll
0x00007ff861540000 - 0x00007ff86166c000 	C:\WINDOWS\System32\gdi32full.dll
0x00007ff861b20000 - 0x00007ff861bc3000 	C:\WINDOWS\System32\msvcp_win.dll
0x00007ff863960000 - 0x00007ff863991000 	C:\WINDOWS\System32\IMM32.DLL
0x00007ff85d3b0000 - 0x00007ff85d3bc000 	C:\Users\User\.jdks\openjdk-25.0.2\bin\vcruntime140_1.dll
0x00007ff84ee20000 - 0x00007ff84eead000 	C:\Users\User\.jdks\openjdk-25.0.2\bin\msvcp140.dll
0x00007ff83a970000 - 0x00007ff83b7cf000 	C:\Users\User\.jdks\openjdk-25.0.2\bin\server\jvm.dll
0x00007ff864080000 - 0x00007ff864134000 	C:\WINDOWS\System32\ADVAPI32.dll
0x00007ff862ce0000 - 0x00007ff862d86000 	C:\WINDOWS\System32\sechost.dll
0x00007ff862d90000 - 0x00007ff862ea8000 	C:\WINDOWS\System32\RPCRT4.dll
0x00007ff8622b0000 - 0x00007ff862324000 	C:\WINDOWS\System32\WS2_32.dll
0x00007ff861150000 - 0x00007ff8611ae000 	C:\WINDOWS\SYSTEM32\POWRPROF.dll
0x00007ff8586f0000 - 0x00007ff858725000 	C:\WINDOWS\SYSTEM32\WINMM.dll
0x00007ff85b2f0000 - 0x00007ff85b2fb000 	C:\WINDOWS\SYSTEM32\VERSION.dll
0x00007ff861110000 - 0x00007ff861124000 	C:\WINDOWS\SYSTEM32\UMPDC.dll
0x00007ff860040000 - 0x00007ff86005b000 	C:\WINDOWS\SYSTEM32\kernel.appcore.dll
0x00007ff85b280000 - 0x00007ff85b28a000 	C:\Users\User\.jdks\openjdk-25.0.2\bin\jimage.dll
0x00007ff85ea90000 - 0x00007ff85ecd2000 	C:\WINDOWS\SYSTEM32\DBGHELP.DLL
0x00007ff862950000 - 0x00007ff862cd6000 	C:\WINDOWS\System32\combase.dll
0x00007ff862eb0000 - 0x00007ff862f86000 	C:\WINDOWS\System32\OLEAUT32.dll
0x00007ff84a910000 - 0x00007ff84a94c000 	C:\WINDOWS\SYSTEM32\dbgcore.DLL
0x00007ff861a70000 - 0x00007ff861b15000 	C:\WINDOWS\System32\bcryptPrimitives.dll
0x00007ff8582d0000 - 0x00007ff8582e0000 	C:\Users\User\.jdks\openjdk-25.0.2\bin\instrument.dll
0x00007ff851ee0000 - 0x00007ff851eff000 	C:\Users\User\.jdks\openjdk-25.0.2\bin\java.dll
0x00007ff8624b0000 - 0x00007ff862647000 	C:\WINDOWS\System32\ole32.dll
0x00007ff8631d0000 - 0x00007ff863923000 	C:\WINDOWS\System32\SHELL32.dll
0x00007ff861c60000 - 0x00007ff861dca000 	C:\WINDOWS\System32\wintypes.dll
0x00007ff8504b0000 - 0x00007ff8504c7000 	C:\Users\User\.jdks\openjdk-25.0.2\bin\zip.dll
0x00007ff85ee90000 - 0x00007ff85f6ee000 	C:\WINDOWS\SYSTEM32\windows.storage.dll
0x00007ff862740000 - 0x00007ff862835000 	C:\WINDOWS\System32\SHCORE.dll
0x00007ff864010000 - 0x00007ff864076000 	C:\WINDOWS\System32\shlwapi.dll
0x00007ff8611f0000 - 0x00007ff861219000 	C:\WINDOWS\SYSTEM32\profapi.dll
0x00007ff84f6e0000 - 0x00007ff84f6f0000 	C:\Users\User\.jdks\openjdk-25.0.2\bin\verify.dll
0x00007ff851e60000 - 0x00007ff851e72000 	C:\Users\User\.jdks\openjdk-25.0.2\bin\net.dll
0x00007ff860590000 - 0x00007ff8605fb000 	C:\WINDOWS\system32\mswsock.dll
0x00007ff851440000 - 0x00007ff851456000 	C:\Users\User\.jdks\openjdk-25.0.2\bin\nio.dll

JVMTI agents:
C:\Users\User\AppData\Local\JetBrains\IdeaIC2025.2\captureAgent\debugger-agent.jar path:C:\Users\User\.jdks\openjdk-25.0.2\bin\instrument.dll, loaded, initialized, instrumentlib options:file:///C:/Users/User/AppData/Local/Temp/capture9416344314358223158.props
C:\Users\User\.m2\repository/org/aspectj/aspectjweaver/1.9.21/aspectjweaver-1.9.21.jar path:C:\Users\User\.jdks\openjdk-25.0.2\bin\instrument.dll, loaded, initialized, instrumentlib options:none
C:\Program Files\JetBrains\IntelliJ IDEA Community Edition 2025.2.6.1\lib\idea_rt.jar path:C:\Users\User\.jdks\openjdk-25.0.2\bin\instrument.dll, loaded, initialized, instrumentlib options:53658

dbghelp: loaded successfully - version: 4.0.5 - missing functions: none
symbol engine: initialized successfully - sym options: 0x614 - pdb path: .;C:\Users\User\.jdks\openjdk-25.0.2\bin;C:\WINDOWS\SYSTEM32;C:\WINDOWS\WinSxS\amd64_microsoft.windows.common-controls_6595b64144ccf1df_6.0.26100.7309_none_3e05feeae336a044;C:\Users\User\.jdks\openjdk-25.0.2\bin\server

VM Arguments:
jvm_args: -javaagent:C:\Users\User\AppData\Local\JetBrains\IdeaIC2025.2\captureAgent\debugger-agent.jar=file:///C:/Users/User/AppData/Local/Temp/capture9416344314358223158.props -ea -Dallure.results.directory=C:\Users\User\IdeaProjects\landings-tests\target/allure-results -Djunit.jupiter.extensions.autodetection.enabled=true -javaagent:C:\Users\User\.m2\repository/org/aspectj/aspectjweaver/1.9.21/aspectjweaver-1.9.21.jar -Didea.test.cyclic.buffer.size=1048576 -javaagent:C:\Program Files\JetBrains\IntelliJ IDEA Community Edition 2025.2.6.1\lib\idea_rt.jar=53658 -Dkotlinx.coroutines.debug.enable.creation.stack.trace=false -Ddebugger.agent.enable.coroutines=true -Dkotlinx.coroutines.debug.enable.flows.stack.trace=true -Dkotlinx.coroutines.debug.enable.mutable.state.flows.stack.trace=true -Dfile.encoding=UTF-8 -Dsun.stdout.encoding=UTF-8 -Dsun.stderr.encoding=UTF-8 
java_command: com.intellij.rt.junit.JUnitStarter -ideVersion5 -junit5 @w@C:\Users\User\AppData\Local\Temp\idea_working_dirs_junit1.tmp @C:\Users\User\AppData\Local\Temp\idea_junit1.tmp -socket53657
java_class_path (initial): C:\Program Files\JetBrains\IntelliJ IDEA Community Edition 2025.2.6.1\lib\idea_rt.jar;C:\Program Files\JetBrains\IntelliJ IDEA Community Edition 2025.2.6.1\plugins\junit\lib\junit6-rt.jar;C:\Program Files\JetBrains\IntelliJ IDEA Community Edition 2025.2.6.1\plugins\junit\lib\junit5-rt.jar;C:\Program Files\JetBrains\IntelliJ IDEA Community Edition 2025.2.6.1\plugins\junit\lib\junit-rt.jar;C:\Users\User\IdeaProjects\landings-tests\target\test-classes;C:\Users\User\IdeaProjects\landings-tests\target\classes;C:\Users\User\.m2\repository\com\codeborne\selenide\7.0.4\selenide-7.0.4.jar;C:\Users\User\.m2\repository\org\seleniumhq\selenium\selenium-java\4.16.1\selenium-java-4.16.1.jar;C:\Users\User\.m2\repository\org\seleniumhq\selenium\selenium-api\4.16.1\selenium-api-4.16.1.jar;C:\Users\User\.m2\repository\org\seleniumhq\selenium\selenium-chrome-driver\4.16.1\selenium-chrome-driver-4.16.1.jar;C:\Users\User\.m2\repository\com\google\auto\service\auto-service-annotations\1.1.1\auto-service-annotations-1.1.1.jar;C:\Users\User\.m2\repository\org\seleniumhq\selenium\selenium-chromium-driver\4.16.1\selenium-chromium-driver-4.16.1.jar;C:\Users\User\.m2\repository\org\seleniumhq\selenium\selenium-json\4.16.1\selenium-json-4.16.1.jar;C:\Users\User\.m2\repository\org\seleniumhq\selenium\selenium-manager\4.16.1\selenium-manager-4.16.1.jar;C:\Users\User\.m2\repository\org\seleniumhq\selenium\selenium-devtools-v118\4.16.1\selenium-devtools-v118-4.16.1.jar;C:\Users\User\.m2\repository\org\seleniumhq\selenium\selenium-devtools-v119\4.16.1\selenium-devtools-v119-4.16.1.jar;C:\Users\User\.m2\repository\org\seleniumhq\selenium\selenium-devtools-v120\4.16.1\selenium-devtools-v120-4.16.1.jar;C:\Users\User\.m2\repository\org\seleniumhq\selenium\selenium-devtools-v85\4.16.1\selenium-devtools-v85-4.16.1.jar;C:\Users\User\.m2\repository\org\seleniumhq\selenium\selenium-edge-driver\4.16.1\selenium-edge-driver-4.16.1.jar;C:\Users\User\.m2\repository\org\seleniumhq\selenium\selenium-firefox-driver\4.16.1\selenium-firefox-driver-4.16.1.jar;C:\Users\User\.m2\repository\org\seleniumhq\selenium\selenium-http\4.16.1\selenium-http-4.16.1.jar;C:\Users\User\.m2\repository\dev\failsafe\failsafe\3.3.2\failsafe-3.3.2.jar;C:\Users\User\.m2\repository\org\seleniumhq\selenium\selenium-ie-driver\4.16.1\selenium-ie-driver-4.16.1.jar;C:\Users\User\.m2\repository\org\seleniumhq\selenium\selenium-remote-driver\4.16.1\selenium-remote-driver-4.16.1.jar;C:\Users\User\.m2\repository\io\opentelemetry\opentelemetry-api\1.28.0\opentelemetry-api-1.28.0.jar;C:\Users\User\.m2\repository\io\opentelemetry\opentelemetry-context\1.28.0\opentelemetry-context-1.28.0.jar;C:\Users\User\.m2\repository\io\opentelemetry\opentelemetry-exporter-logging\1.28.0\opentelemetry-exporter-logging-1.28.0.jar;C:\Users\User\.m2\repository\io\opentelemetry\opentelemetry-sdk-metrics\1.28.0\opentelemetry-sdk-metrics-1.28.0.jar;C:\Users\User\.m2\repository\io\opentelemetry\opentelemetry-extension-incubator\1.28.0-alpha\opentelemetry-extension-incubator-1.28.0-alpha.jar;C:\Users\User\.m2\repository\io\opentelemetry\opentelemetry-sdk-logs\1.28.0\opentelemetry-sdk-logs-1.28.0.jar;C:\Users\User\.m2\repository\io\opentelemetry\opentelemetry-sdk-common\1.28.0\opentelemetry-sdk-common-1.28.0.jar;C:\Users\User\.m2\repository\io\opentelemetry\opentelemetry-sdk-extension-autoconfigure-spi\1.28.0\opentelemetry-sdk-extension-autoconfigure-spi-1.28.0.jar;C:\Users\User\.m2\repository\io\opentelemetry\opentelemetry-sdk-extension-autoconfigure\1.28.0\opentelemetry-sdk-extension-autoconfigure-1.28.0.jar;C:\Users\User\.m2\repository\io\opentelemetry\opentelemetry-api-events\1.28.0-alpha\opentelemetry-api-events-1.28.0-alpha.jar;C:\Users\User\.m2\repository\io\opentelemetry\opentelemetry-sdk-trace\1.28.0\opentelemetry-sdk-trace-1.28.0.jar;C:\Users\User\.m2\repository\io\opentelemetry\opentelemetry-sdk\1.28.0\opentelemetry-sdk-1.28.0.jar;C:\Users\User\.m2\repository\io\opentelemetry\opentelemetry-semconv\1.28.0-alpha\opentelemetry-semconv-1.28.0-alpha.jar;C:\Users\User\.m2\repository\net\bytebuddy\byte-buddy\1.14.5\byte-buddy-1.14.5.jar;C:\Users\User\.m2\repository\org\seleniumhq\selenium\selenium-os\4.16.1\selenium-os-4.16.1.jar;C:\Users\User\.m2\repository\org\apache\commons\commons-exec\1.3\commons-exec-1.3.jar;C:\Users\User\.m2\repository\org\seleniumhq\selenium\selenium-safari-driver\4.16.1\selenium-safari-driver-4.16.1.jar;C:\Users\User\.m2\repository\org\seleniumhq\selenium\selenium-support\4.16.1\selenium-support-4.16.1.jar;C:\Users\User\.m2\repository\org\slf4j\slf4j-api\2.0.9\slf4j-api-2.0.9.jar;C:\Users\User\.m2\repository\com\codeborne\selenide-core\7.0.4\selenide-core-7.0.4.jar;C:\Users\User\.m2\repository\org\opentest4j\opentest4j\1.3.0\opentest4j-1.3.0.jar;C:\Users\User\.m2\repository\com\google\guava\guava\32.1.3-jre\guava-32.1.3-jre.jar;C:\Users\User\.m2\repository\com\google\guava\failureaccess\1.0.1\failureaccess-1.0.1.jar;C:\Users\User\.m2\repository\com\google\guava\listenablefuture\9999.0-empty-to-avoid-conflict-with-guava\listenablefuture-9999.0-empty-to-avoid-conflict-with-guava.jar;C:\Users\User\.m2\repository\com\google\code\findbugs\jsr305\3.0.2\jsr305-3.0.2.jar;C:\Users\User\.m2\repository\org\checkerframework\checker-qual\3.37.0\checker-qual-3.37.0.jar;C:\Users\User\.m2\repository\com\google\errorprone\error_prone_annotations\2.21.1\error_prone_annotations-2.21.1.jar;C:\Users\User\.m2\repository\com\google\j2objc\j2objc-annotations\2.8\j2objc-annotations-2.8.jar;C:\Users\User\.m2\repository\org\apache\commons\commons-lang3\3.14.0\commons-lang3-3.14.0.jar;C:\Users\User\.m2\repository\commons-io\commons-io\2.15.1\commons-io-2.15.1.jar;C:\Users\User\.m2\repository\org\junit\jupiter\junit-jupiter\5.10.1\junit-jupiter-5.10.1.jar;C:\Users\User\.m2\repository\org\junit\jupiter\junit-jupiter-api\5.10.1\junit-jupiter-api-5.10.1.jar;C:\Users\User\.m2\repository\org\junit\platform\junit-platform-commons\1.10.1\junit-platform-commons-1.10.1.jar;C:\Users\User\.m2\repository\org\apiguardian\apiguardian-api\1.1.2\apiguardian-api-1.1.2.jar;C:\Users\User\.m2\repository\org\junit\jupiter\junit-jupiter-params\5.10.1\junit-jupiter-params-5.10.1.jar;C:\Users\User\.m2\repository\org\junit\jupiter\junit-jupiter-engine\5.10.1\junit-jupiter-engine-5.10.1.jar;C:\Users\User\.m2\repository\org\junit\platform\junit-platform-engine\1.10.1\junit-platform-engine-1.10.1.jar;C:\Users\User\.m2\repository\com\github\javafaker\javafaker\1.0.2\javafaker-1.0.2.jar;C:\Users\User\.m2\repository\org\yaml\snakeyaml\1.23\snakeyaml-1.23-android.jar;C:\Users\User\.m2\repository\com\github\mifmif\generex\1.0.2\generex-1.0.2.jar;C:\Users\User\.m2\repository\dk\brics\automaton\automaton\1.11-8\automaton-1.11-8.jar;C:\Users\User\.m2\repository\io\qameta\allure\allure-junit5\2.25.0\allure-junit5-2.25.0.jar;C:\Users\User\.m2\repository\io\qameta\allure\allure-junit-platform\2.25.0\allure-junit-platform-2.25.0.jar;C:\Users\User\.m2\repository\io\qameta\allure\allure-test-filter\2.25.0\allure-test-filter-2.25.0.jar;C:\Users\User\.m2\repository\org\junit\platform\junit-platform-launcher\1.9.2\junit-platform-launcher-1.9.2.jar;C:\Users\User\.m2\repository\io\qameta\allure\allure-selenide\2.25.0\allure-selenide-2.25.0.jar;C:\Users\User\.m2\repository\io\qameta\allure\allure-java-commons\2.25.0\allure-java-commons-2.25.0.jar;C:\Users\User\.m2\repository\io\qameta\allure\allure-model\2.25.0\allure-model-2.25.0.jar;C:\Users\User\.m2\repository\io\github\bonigarcia\webdrivermanager\5.6.3\webdrivermanager-5.6.3.jar;C:\Users\User\.m2\repository\com\google\code\gson\gson\2.10.1\gson-2.10.1.jar;C:\Users\User\.m2\repository\com\github\docker-java\docker-java\3.3.4\docker-java-3.3.4.jar;C:\Users\User\.m2\repository\com\github\docker-java\docker-java-core\3.3.4\docker-java-core-3.3.4.jar;C:\Users\User\.m2\repository\com\github\docker-java\docker-java-api\3.3.4\docker-java-api-3.3.4.jar;C:\Users\User\.m2\repository\com\fasterxml\jackson\core\jackson-annotations\2.10.3\jackson-annotations-2.10.3.jar;C:\Users\User\.m2\repository\com\fasterxml\jackson\core\jackson-databind\2.10.3\jackson-databind-2.10.3.jar;C:\Users\User\.m2\repository\com\fasterxml\jackson\core\jackson-core\2.10.3\jackson-core-2.10.3.jar;C:\Users\User\.m2\repository\org\bouncycastle\bcpkix-jdk18on\1.76\bcpkix-jdk18on-1.76.jar;C:\Users\User\.m2\repository\org\bouncycastle\bcprov-jdk18on\1.76\bcprov-jdk18on-1.76.jar;C:\Users\User\.m2\repository\org\bouncycastle\bcutil-jdk18on\1.76\bcutil-jdk18on-1.76.jar;C:\Users\User\.m2\repository\org\slf4j\jcl-over-slf4j\1.7.30\jcl-over-slf4j-1.7.30.jar;C:\Users\User\.m2\repository\com\github\docker-java\docker-java-transport-httpclient5\3.3.4\docker-java-transport-httpclient5-3.3.4.jar;C:\Users\User\.m2\repository\com\github\docker-java\docker-java-transport\3.3.4\docker-java-transport-3.3.4.jar;C:\Users\User\.m2\repository\net\java\dev\jna\jna\5.13.0\jna-5.13.0.jar;C:\Users\User\.m2\repository\org\brotli\dec\0.1.2\dec-0.1.2.jar;C:\Users\User\.m2\repository\org\apache\commons\commons-compress\1.25.0\commons-compress-1.25.0.jar;C:\Users\User\.m2\repository\org\apache\httpcomponents\client5\httpclient5\5.2.1\httpclient5-5.2.1.jar;C:\Users\User\.m2\repository\org\apache\httpcomponents\core5\httpcore5\5.2\httpcore5-5.2.jar;C:\Users\User\.m2\repository\org\apache\httpcomponents\core5\httpcore5-h2\5.2\httpcore5-h2-5.2.jar;C:\Users\User\.m2\repository\org\slf4j\slf4j-simple\2.0.9\slf4j-simple-2.0.9.jar
Launcher Type: SUN_STANDARD

[Global flags]
     intx CICompilerCount                          = 3                                         {product} {ergonomic}
     uint ConcGCThreads                            = 1                                         {product} {ergonomic}
     uint G1ConcRefinementThreads                  = 4                                         {product} {ergonomic}
   size_t G1HeapRegionSize                         = 1048576                                   {product} {ergonomic}
   size_t InitialHeapSize                          = 132120576                                 {product} {ergonomic}
   size_t MarkStackSize                            = 4194304                                   {product} {ergonomic}
   size_t MarkStackSizeMax                         = 536870912                                 {product} {ergonomic}
   size_t MaxHeapSize                              = 2095054848                                {product} {ergonomic}
   size_t MaxNewSize                               = 1256194048                                {product} {ergonomic}
   size_t MinHeapDeltaBytes                        = 1048576                                   {product} {ergonomic}
   size_t MinHeapSize                              = 8388608                                   {product} {ergonomic}
    uintx NonNMethodCodeHeapSize                   = 5832704                                {pd product} {ergonomic}
    uintx NonProfiledCodeHeapSize                  = 122945536                              {pd product} {ergonomic}
    uintx ProfiledCodeHeapSize                     = 122880000                              {pd product} {ergonomic}
    uintx ReservedCodeCacheSize                    = 251658240                              {pd product} {ergonomic}
     bool SegmentedCodeCache                       = true                                      {product} {ergonomic}
   size_t SoftMaxHeapSize                          = 2095054848                             {manageable} {ergonomic}
     bool UseCompressedOops                        = true                           {product lp64_product} {ergonomic}
     bool UseG1GC                                  = true                                      {product} {ergonomic}
     bool UseLargePagesIndividualAllocation        = false                                  {pd product} {ergonomic}

Logging:
Log output configuration:
 #0: stdout all=warning uptime,level,tags foldmultilines=false
 #1: stderr all=off uptime,level,tags foldmultilines=false

Release file:
<release file has not been read>
Environment Variables:
JAVA_HOME=C:\Users\User\.jdks\openjdk-25.0.2
PATH=C:\WINDOWS\system32;C:\WINDOWS;C:\WINDOWS\System32\Wbem;C:\WINDOWS\System32\WindowsPowerShell\v1.0\;C:\WINDOWS\System32\OpenSSH\;C:\Program Files\Git\cmd;C:\Users\User\AppData\Local\Microsoft\WindowsApps;C:\Users\User\Desktop\apache-maven-3.9.12\bin;
USERNAME=User
OS=Windows_NT
PROCESSOR_IDENTIFIER=Intel64 Family 6 Model 140 Stepping 1, GenuineIntel
TMP=C:\Users\User\AppData\Local\Temp
TEMP=C:\Users\User\AppData\Local\Temp




Compilation memory statistics disabled.

Periodic native trim disabled

---------------  S Y S T E M  ---------------

OS:
 Windows 11 , 64 bit Build 26100 (10.0.26100.7623)
OS uptime: 6 days 2:47 hours
Hyper-V role detected

CPU: total 4 (initial active 4) (2 cores per cpu, 2 threads per core) family 6 model 140 stepping 1 microcode 0x8a, cx8, cmov, fxsr, ht, mmx, 3dnowpref, sse, sse2, sse3, ssse3, sse4.1, sse4.2, popcnt, lzcnt, tsc, tscinvbit, avx, avx2, aes, erms, clmul, bmi1, bmi2, adx, avx512f, avx512dq, avx512cd, avx512bw, avx512vl, sha, fma, vzeroupper, avx512_vpopcntdq, avx512_vpclmulqdq, avx512_vaes, avx512_vnni, clflush, clflushopt, clwb, avx512_vbmi2, avx512_vbmi, hv, rdtscp, rdpid, fsrm, gfni, avx512_bitalg, f16c, cet_ibt, cet_ss, avx512_ifma
Processor Information for the first 4 processors :
  Max Mhz: 2995, Current Mhz: 2995, Mhz Limit: 2995

Memory: 4k page, system-wide physical 7991M (713M free)
TotalPageFile size 32567M (AvailPageFile size 26M)
current process WorkingSet (physical memory assigned to process): 101M, peak: 101M
current process commit charge ("private bytes"): 231M, peak: 233M

vm_info: OpenJDK 64-Bit Server VM (25.0.2+10-69) for windows-amd64 JRE (25.0.2+10-69), built on 2025-12-18T11:36:35Z with MS VC++ 17.13 (VS2022)

END.
